mode: atomic
catalogizer/config/config.go:98.53,102.55 2 0
catalogizer/config/config.go:102.55,104.56 1 0
catalogizer/config/config.go:104.56,106.4 1 0
catalogizer/config/config.go:107.3,107.21 1 0
catalogizer/config/config.go:111.2,112.16 2 0
catalogizer/config/config.go:112.16,114.3 1 0
catalogizer/config/config.go:116.2,116.53 1 0
catalogizer/config/config.go:116.53,118.3 1 0
catalogizer/config/config.go:121.2,121.47 1 0
catalogizer/config/config.go:121.47,123.3 1 0
catalogizer/config/config.go:125.2,125.20 1 0
catalogizer/config/config.go:129.33,194.2 1 0
catalogizer/config/config.go:197.43,198.59 1 0
catalogizer/config/config.go:198.59,200.3 1 0
catalogizer/config/config.go:202.2,202.32 1 0
catalogizer/config/config.go:202.32,204.3 1 0
catalogizer/config/config.go:206.2,206.91 1 0
catalogizer/config/config.go:206.91,208.3 1 0
catalogizer/config/config.go:210.2,210.41 1 0
catalogizer/config/config.go:210.41,212.3 1 0
catalogizer/config/config.go:214.2,214.65 1 0
catalogizer/config/config.go:214.65,216.3 1 0
catalogizer/config/config.go:218.2,218.12 1 0
catalogizer/config/config.go:222.58,225.47 2 0
catalogizer/config/config.go:225.47,227.3 1 0
catalogizer/config/config.go:229.2,230.16 2 0
catalogizer/config/config.go:230.16,232.3 1 0
catalogizer/config/config.go:234.2,234.61 1 0
catalogizer/config/config.go:234.61,236.3 1 0
catalogizer/config/config.go:238.2,238.12 1 0
catalogizer/config/config.go:242.42,244.26 2 0
catalogizer/config/config.go:244.26,246.3 1 0
catalogizer/config/config.go:247.2,247.31 1 0
catalogizer/config/config.go:247.31,249.3 1 0
catalogizer/config/config.go:250.2,250.33 1 0
catalogizer/config/config.go:254.44,256.2 1 0
catalogizer/database/connection.go:20.61,24.19 2 0
catalogizer/database/connection.go:24.19,26.3 1 0
catalogizer/database/connection.go:28.2,28.24 1 0
catalogizer/database/connection.go:28.24,30.3 1 0
catalogizer/database/connection.go:33.2,34.16 2 0
catalogizer/database/connection.go:34.16,36.3 1 0
catalogizer/database/connection.go:39.2,45.37 5 0
catalogizer/database/connection.go:45.37,48.3 2 0
catalogizer/database/connection.go:50.2,55.16 2 0
catalogizer/database/connection.go:59.35,64.2 3 0
catalogizer/database/connection.go:67.38,69.2 1 0
catalogizer/database/connection.go:72.69,75.2 2 0
catalogizer/database/migrations.go:9.56,11.54 1 0
catalogizer/database/migrations.go:11.54,13.3 1 0
catalogizer/database/migrations.go:16.2,29.39 2 0
catalogizer/database/migrations.go:29.39,30.57 1 0
catalogizer/database/migrations.go:30.57,32.4 1 0
catalogizer/database/migrations.go:35.2,35.12 1 0
catalogizer/database/migrations.go:46.64,56.2 3 0
catalogizer/database/migrations.go:59.76,63.16 3 0
catalogizer/database/migrations.go:63.16,65.3 1 0
catalogizer/database/migrations.go:67.2,67.15 1 0
catalogizer/database/migrations.go:67.15,69.3 1 0
catalogizer/database/migrations.go:72.2,72.42 1 0
catalogizer/database/migrations.go:72.42,74.3 1 0
catalogizer/database/migrations.go:77.2,78.12 2 0
catalogizer/database/migrations.go:82.62,194.32 2 0
catalogizer/database/migrations.go:194.32,195.55 1 0
catalogizer/database/migrations.go:195.55,197.4 1 0
catalogizer/database/migrations.go:200.2,200.12 1 0
catalogizer/database/migrations.go:204.67,208.16 3 0
catalogizer/database/migrations.go:208.16,210.3 1 0
catalogizer/database/migrations.go:212.2,212.17 1 0
catalogizer/database/migrations.go:212.17,214.3 1 0
catalogizer/database/migrations.go:217.2,233.54 2 0
catalogizer/database/migrations.go:233.54,235.3 1 0
catalogizer/database/migrations.go:238.2,249.60 2 0
catalogizer/database/migrations.go:249.60,251.3 1 0
catalogizer/database/migrations.go:254.2,265.64 2 0
catalogizer/database/migrations.go:265.64,267.3 1 0
catalogizer/database/migrations.go:269.2,269.12 1 0
catalogizer/main.go:42.13,49.16 4 0
catalogizer/main.go:49.16,51.3 1 0
catalogizer/main.go:55.2,56.18 2 0
catalogizer/main.go:56.18,58.3 1 0
catalogizer/main.go:59.2,60.16 2 0
catalogizer/main.go:60.16,62.3 1 0
catalogizer/main.go:63.2,89.45 17 0
catalogizer/main.go:89.45,91.3 1 0
catalogizer/main.go:94.2,95.2 2 0
catalogizer/main.go:95.2,123.3 17 0
catalogizer/main.go:123.3,129.4 5 0
catalogizer/main.go:133.2,142.12 2 0
catalogizer/main.go:142.12,144.77 2 0
catalogizer/main.go:144.77,146.4 1 0
catalogizer/main.go:150.2,160.42 7 0
catalogizer/main.go:160.42,162.3 1 0
catalogizer/main.go:164.2,164.30 1 0
catalogizer/filesystem/factory.go:11.54,13.2 1 2
catalogizer/filesystem/factory.go:16.94,17.25 1 6
catalogizer/filesystem/factory.go:18.13,27.38 2 1
catalogizer/filesystem/factory.go:29.13,37.38 2 1
catalogizer/filesystem/factory.go:39.13,46.38 2 1
catalogizer/filesystem/factory.go:48.16,55.44 2 1
catalogizer/filesystem/factory.go:57.15,61.42 2 1
catalogizer/filesystem/factory.go:63.10,64.70 1 1
catalogizer/filesystem/factory.go:69.62,71.2 1 1
catalogizer/filesystem/factory.go:74.89,75.34 1 18
catalogizer/filesystem/factory.go:75.34,76.34 1 18
catalogizer/filesystem/factory.go:76.34,78.4 1 18
catalogizer/filesystem/factory.go:80.2,80.21 1 0
catalogizer/filesystem/factory.go:83.87,84.34 1 2
catalogizer/filesystem/factory.go:84.34,85.31 1 2
catalogizer/filesystem/factory.go:85.31,87.4 1 2
catalogizer/filesystem/factory.go:88.3,88.40 1 0
catalogizer/filesystem/factory.go:88.40,90.4 1 0
catalogizer/filesystem/factory.go:92.2,92.21 1 0
catalogizer/filesystem/ftp_client.go:30.49,35.2 1 1
catalogizer/filesystem/ftp_client.go:38.56,42.16 3 0
catalogizer/filesystem/ftp_client.go:42.16,44.3 1 0
catalogizer/filesystem/ftp_client.go:46.2,47.16 2 0
catalogizer/filesystem/ftp_client.go:47.16,50.3 2 0
catalogizer/filesystem/ftp_client.go:53.2,53.25 1 0
catalogizer/filesystem/ftp_client.go:53.25,55.17 2 0
catalogizer/filesystem/ftp_client.go:55.17,58.4 2 0
catalogizer/filesystem/ftp_client.go:61.2,63.12 3 0
catalogizer/filesystem/ftp_client.go:67.59,68.21 1 0
catalogizer/filesystem/ftp_client.go:68.21,73.3 4 0
catalogizer/filesystem/ftp_client.go:74.2,75.12 2 0
catalogizer/filesystem/ftp_client.go:79.40,81.2 1 0
catalogizer/filesystem/ftp_client.go:84.63,85.22 1 0
catalogizer/filesystem/ftp_client.go:85.22,87.3 1 0
catalogizer/filesystem/ftp_client.go:88.2,89.12 2 0
catalogizer/filesystem/ftp_client.go:93.53,94.25 1 0
catalogizer/filesystem/ftp_client.go:94.25,96.3 1 0
catalogizer/filesystem/ftp_client.go:97.2,97.13 1 0
catalogizer/filesystem/ftp_client.go:101.87,102.22 1 0
catalogizer/filesystem/ftp_client.go:102.22,104.3 1 0
catalogizer/filesystem/ftp_client.go:105.2,107.16 3 0
catalogizer/filesystem/ftp_client.go:107.16,109.3 1 0
catalogizer/filesystem/ftp_client.go:110.2,110.18 1 0
catalogizer/filesystem/ftp_client.go:114.87,115.22 1 0
catalogizer/filesystem/ftp_client.go:115.22,117.3 1 0
catalogizer/filesystem/ftp_client.go:118.2,122.30 3 0
catalogizer/filesystem/ftp_client.go:122.30,124.17 2 0
catalogizer/filesystem/ftp_client.go:124.18,127.4 0 0
catalogizer/filesystem/ftp_client.go:130.2,131.16 2 0
catalogizer/filesystem/ftp_client.go:131.16,133.3 1 0
catalogizer/filesystem/ftp_client.go:134.2,134.12 1 0
catalogizer/filesystem/ftp_client.go:138.86,139.22 1 0
catalogizer/filesystem/ftp_client.go:139.22,141.3 1 0
catalogizer/filesystem/ftp_client.go:142.2,146.16 3 0
catalogizer/filesystem/ftp_client.go:146.16,148.3 1 0
catalogizer/filesystem/ftp_client.go:151.2,164.8 4 0
catalogizer/filesystem/ftp_client.go:168.90,169.22 1 0
catalogizer/filesystem/ftp_client.go:169.22,171.3 1 0
catalogizer/filesystem/ftp_client.go:172.2,175.16 3 0
catalogizer/filesystem/ftp_client.go:175.16,177.3 1 0
catalogizer/filesystem/ftp_client.go:179.2,180.32 2 0
catalogizer/filesystem/ftp_client.go:180.32,189.3 1 0
catalogizer/filesystem/ftp_client.go:191.2,191.19 1 0
catalogizer/filesystem/ftp_client.go:195.80,196.22 1 0
catalogizer/filesystem/ftp_client.go:196.22,198.3 1 0
catalogizer/filesystem/ftp_client.go:199.2,203.16 3 0
catalogizer/filesystem/ftp_client.go:203.16,208.17 4 0
catalogizer/filesystem/ftp_client.go:208.17,210.4 1 0
catalogizer/filesystem/ftp_client.go:211.3,211.33 1 0
catalogizer/filesystem/ftp_client.go:211.33,212.26 1 0
catalogizer/filesystem/ftp_client.go:212.26,214.5 1 0
catalogizer/filesystem/ftp_client.go:216.3,216.20 1 0
catalogizer/filesystem/ftp_client.go:218.2,218.18 1 0
catalogizer/filesystem/ftp_client.go:222.77,223.22 1 0
catalogizer/filesystem/ftp_client.go:223.22,225.3 1 0
catalogizer/filesystem/ftp_client.go:226.2,228.16 3 0
catalogizer/filesystem/ftp_client.go:228.16,230.3 1 0
catalogizer/filesystem/ftp_client.go:231.2,231.12 1 0
catalogizer/filesystem/ftp_client.go:235.77,236.22 1 0
catalogizer/filesystem/ftp_client.go:236.22,238.3 1 0
catalogizer/filesystem/ftp_client.go:239.2,241.16 3 0
catalogizer/filesystem/ftp_client.go:241.16,243.3 1 0
catalogizer/filesystem/ftp_client.go:244.2,244.12 1 0
catalogizer/filesystem/ftp_client.go:248.72,249.22 1 0
catalogizer/filesystem/ftp_client.go:249.22,251.3 1 0
catalogizer/filesystem/ftp_client.go:252.2,254.16 3 0
catalogizer/filesystem/ftp_client.go:254.16,256.3 1 0
catalogizer/filesystem/ftp_client.go:257.2,257.12 1 0
catalogizer/filesystem/ftp_client.go:261.82,262.22 1 0
catalogizer/filesystem/ftp_client.go:262.22,264.3 1 0
catalogizer/filesystem/ftp_client.go:267.2,272.16 4 0
catalogizer/filesystem/ftp_client.go:272.16,274.3 1 0
catalogizer/filesystem/ftp_client.go:275.2,279.36 3 0
catalogizer/filesystem/ftp_client.go:279.36,281.3 1 0
catalogizer/filesystem/ftp_client.go:284.2,285.16 2 0
catalogizer/filesystem/ftp_client.go:285.16,287.3 1 0
catalogizer/filesystem/ftp_client.go:289.2,289.12 1 0
catalogizer/filesystem/ftp_client.go:293.42,295.2 1 1
catalogizer/filesystem/ftp_client.go:298.45,300.2 1 0
catalogizer/filesystem/local_client.go:25.55,31.2 1 9
catalogizer/filesystem/local_client.go:34.58,37.16 2 7
catalogizer/filesystem/local_client.go:37.16,39.3 1 0
catalogizer/filesystem/local_client.go:40.2,40.19 1 7
catalogizer/filesystem/local_client.go:40.19,42.3 1 0
catalogizer/filesystem/local_client.go:43.2,44.12 2 7
catalogizer/filesystem/local_client.go:48.61,51.2 2 7
catalogizer/filesystem/local_client.go:54.42,56.2 1 9
catalogizer/filesystem/local_client.go:59.65,60.22 1 1
catalogizer/filesystem/local_client.go:60.22,62.3 1 0
catalogizer/filesystem/local_client.go:63.2,64.12 2 1
catalogizer/filesystem/local_client.go:68.55,71.39 2 6
catalogizer/filesystem/local_client.go:71.39,74.3 1 0
catalogizer/filesystem/local_client.go:75.2,75.45 1 6
catalogizer/filesystem/local_client.go:79.89,80.22 1 1
catalogizer/filesystem/local_client.go:80.22,82.3 1 0
catalogizer/filesystem/local_client.go:83.2,85.16 3 1
catalogizer/filesystem/local_client.go:85.16,87.3 1 0
catalogizer/filesystem/local_client.go:88.2,88.18 1 1
catalogizer/filesystem/local_client.go:92.89,93.22 1 1
catalogizer/filesystem/local_client.go:93.22,95.3 1 0
catalogizer/filesystem/local_client.go:96.2,100.47 3 1
catalogizer/filesystem/local_client.go:100.47,102.3 1 0
catalogizer/filesystem/local_client.go:104.2,105.16 2 1
catalogizer/filesystem/local_client.go:105.16,107.3 1 0
catalogizer/filesystem/local_client.go:108.2,111.16 3 1
catalogizer/filesystem/local_client.go:111.16,113.3 1 0
catalogizer/filesystem/local_client.go:115.2,115.12 1 1
catalogizer/filesystem/local_client.go:119.88,120.22 1 1
catalogizer/filesystem/local_client.go:120.22,122.3 1 0
catalogizer/filesystem/local_client.go:123.2,125.16 3 1
catalogizer/filesystem/local_client.go:125.16,127.3 1 0
catalogizer/filesystem/local_client.go:129.2,136.8 1 1
catalogizer/filesystem/local_client.go:140.92,141.22 1 1
catalogizer/filesystem/local_client.go:141.22,143.3 1 0
catalogizer/filesystem/local_client.go:144.2,146.16 3 1
catalogizer/filesystem/local_client.go:146.16,148.3 1 0
catalogizer/filesystem/local_client.go:150.2,151.32 2 1
catalogizer/filesystem/local_client.go:151.32,153.17 2 2
catalogizer/filesystem/local_client.go:153.17,154.12 1 0
catalogizer/filesystem/local_client.go:156.3,163.5 1 2
catalogizer/filesystem/local_client.go:166.2,166.19 1 1
catalogizer/filesystem/local_client.go:170.82,171.22 1 2
catalogizer/filesystem/local_client.go:171.22,173.3 1 0
catalogizer/filesystem/local_client.go:174.2,176.16 3 2
catalogizer/filesystem/local_client.go:176.16,177.25 1 1
catalogizer/filesystem/local_client.go:177.25,179.4 1 1
catalogizer/filesystem/local_client.go:180.3,180.89 1 0
catalogizer/filesystem/local_client.go:182.2,182.18 1 1
catalogizer/filesystem/local_client.go:186.79,187.22 1 0
catalogizer/filesystem/local_client.go:187.22,189.3 1 0
catalogizer/filesystem/local_client.go:190.2,192.16 3 0
catalogizer/filesystem/local_client.go:192.16,194.3 1 0
catalogizer/filesystem/local_client.go:195.2,195.12 1 0
catalogizer/filesystem/local_client.go:199.79,200.22 1 0
catalogizer/filesystem/local_client.go:200.22,202.3 1 0
catalogizer/filesystem/local_client.go:203.2,205.16 3 0
catalogizer/filesystem/local_client.go:205.16,207.3 1 0
catalogizer/filesystem/local_client.go:208.2,208.12 1 0
catalogizer/filesystem/local_client.go:212.74,213.22 1 0
catalogizer/filesystem/local_client.go:213.22,215.3 1 0
catalogizer/filesystem/local_client.go:216.2,218.16 3 0
catalogizer/filesystem/local_client.go:218.16,220.3 1 0
catalogizer/filesystem/local_client.go:221.2,221.12 1 0
catalogizer/filesystem/local_client.go:225.84,226.22 1 0
catalogizer/filesystem/local_client.go:226.22,228.3 1 0
catalogizer/filesystem/local_client.go:229.2,234.50 4 0
catalogizer/filesystem/local_client.go:234.50,236.3 1 0
catalogizer/filesystem/local_client.go:239.2,240.16 2 0
catalogizer/filesystem/local_client.go:240.16,242.3 1 0
catalogizer/filesystem/local_client.go:243.2,247.16 3 0
catalogizer/filesystem/local_client.go:247.16,249.3 1 0
catalogizer/filesystem/local_client.go:250.2,254.16 3 0
catalogizer/filesystem/local_client.go:254.16,256.3 1 0
catalogizer/filesystem/local_client.go:258.2,258.12 1 0
catalogizer/filesystem/local_client.go:262.44,264.2 1 2
catalogizer/filesystem/local_client.go:267.47,269.2 1 0
catalogizer/filesystem/nfs_client.go:30.49,37.2 1 1
catalogizer/filesystem/nfs_client.go:40.56,42.19 1 0
catalogizer/filesystem/nfs_client.go:42.19,45.3 2 0
catalogizer/filesystem/nfs_client.go:48.2,48.56 1 0
catalogizer/filesystem/nfs_client.go:48.56,50.3 1 0
catalogizer/filesystem/nfs_client.go:53.2,55.28 3 0
catalogizer/filesystem/nfs_client.go:55.28,57.3 1 0
catalogizer/filesystem/nfs_client.go:59.2,60.16 2 0
catalogizer/filesystem/nfs_client.go:60.16,62.3 1 0
catalogizer/filesystem/nfs_client.go:64.2,66.12 3 0
catalogizer/filesystem/nfs_client.go:70.59,71.15 1 0
catalogizer/filesystem/nfs_client.go:71.15,73.17 2 0
catalogizer/filesystem/nfs_client.go:73.17,75.4 1 0
catalogizer/filesystem/nfs_client.go:76.3,76.20 1 0
catalogizer/filesystem/nfs_client.go:78.2,79.12 2 0
catalogizer/filesystem/nfs_client.go:83.40,85.2 1 0
catalogizer/filesystem/nfs_client.go:88.63,89.22 1 0
catalogizer/filesystem/nfs_client.go:89.22,91.3 1 0
catalogizer/filesystem/nfs_client.go:92.2,93.12 2 0
catalogizer/filesystem/nfs_client.go:97.38,99.16 2 0
catalogizer/filesystem/nfs_client.go:99.16,101.3 1 0
catalogizer/filesystem/nfs_client.go:102.2,105.13 2 0
catalogizer/filesystem/nfs_client.go:109.53,112.39 2 0
catalogizer/filesystem/nfs_client.go:112.39,115.3 1 0
catalogizer/filesystem/nfs_client.go:116.2,116.47 1 0
catalogizer/filesystem/nfs_client.go:120.87,121.22 1 0
catalogizer/filesystem/nfs_client.go:121.22,123.3 1 0
catalogizer/filesystem/nfs_client.go:124.2,126.16 3 0
catalogizer/filesystem/nfs_client.go:126.16,128.3 1 0
catalogizer/filesystem/nfs_client.go:129.2,129.18 1 0
catalogizer/filesystem/nfs_client.go:133.87,134.22 1 0
catalogizer/filesystem/nfs_client.go:134.22,136.3 1 0
catalogizer/filesystem/nfs_client.go:137.2,141.47 3 0
catalogizer/filesystem/nfs_client.go:141.47,143.3 1 0
catalogizer/filesystem/nfs_client.go:145.2,146.16 2 0
catalogizer/filesystem/nfs_client.go:146.16,148.3 1 0
catalogizer/filesystem/nfs_client.go:149.2,152.16 3 0
catalogizer/filesystem/nfs_client.go:152.16,154.3 1 0
catalogizer/filesystem/nfs_client.go:156.2,156.12 1 0
catalogizer/filesystem/nfs_client.go:160.86,161.22 1 0
catalogizer/filesystem/nfs_client.go:161.22,163.3 1 0
catalogizer/filesystem/nfs_client.go:164.2,166.16 3 0
catalogizer/filesystem/nfs_client.go:166.16,168.3 1 0
catalogizer/filesystem/nfs_client.go:170.2,177.8 1 0
catalogizer/filesystem/nfs_client.go:181.90,182.22 1 0
catalogizer/filesystem/nfs_client.go:182.22,184.3 1 0
catalogizer/filesystem/nfs_client.go:185.2,187.16 3 0
catalogizer/filesystem/nfs_client.go:187.16,189.3 1 0
catalogizer/filesystem/nfs_client.go:191.2,192.32 2 0
catalogizer/filesystem/nfs_client.go:192.32,194.17 2 0
catalogizer/filesystem/nfs_client.go:194.17,195.12 1 0
catalogizer/filesystem/nfs_client.go:197.3,204.5 1 0
catalogizer/filesystem/nfs_client.go:207.2,207.19 1 0
catalogizer/filesystem/nfs_client.go:211.80,212.22 1 0
catalogizer/filesystem/nfs_client.go:212.22,214.3 1 0
catalogizer/filesystem/nfs_client.go:215.2,217.16 3 0
catalogizer/filesystem/nfs_client.go:217.16,218.25 1 0
catalogizer/filesystem/nfs_client.go:218.25,220.4 1 0
catalogizer/filesystem/nfs_client.go:221.3,221.87 1 0
catalogizer/filesystem/nfs_client.go:223.2,223.18 1 0
catalogizer/filesystem/nfs_client.go:227.77,228.22 1 0
catalogizer/filesystem/nfs_client.go:228.22,230.3 1 0
catalogizer/filesystem/nfs_client.go:231.2,233.16 3 0
catalogizer/filesystem/nfs_client.go:233.16,235.3 1 0
catalogizer/filesystem/nfs_client.go:236.2,236.12 1 0
catalogizer/filesystem/nfs_client.go:240.77,241.22 1 0
catalogizer/filesystem/nfs_client.go:241.22,243.3 1 0
catalogizer/filesystem/nfs_client.go:244.2,246.16 3 0
catalogizer/filesystem/nfs_client.go:246.16,248.3 1 0
catalogizer/filesystem/nfs_client.go:249.2,249.12 1 0
catalogizer/filesystem/nfs_client.go:253.72,254.22 1 0
catalogizer/filesystem/nfs_client.go:254.22,256.3 1 0
catalogizer/filesystem/nfs_client.go:257.2,259.16 3 0
catalogizer/filesystem/nfs_client.go:259.16,261.3 1 0
catalogizer/filesystem/nfs_client.go:262.2,262.12 1 0
catalogizer/filesystem/nfs_client.go:266.82,267.22 1 0
catalogizer/filesystem/nfs_client.go:267.22,269.3 1 0
catalogizer/filesystem/nfs_client.go:270.2,275.50 4 0
catalogizer/filesystem/nfs_client.go:275.50,277.3 1 0
catalogizer/filesystem/nfs_client.go:280.2,281.16 2 0
catalogizer/filesystem/nfs_client.go:281.16,283.3 1 0
catalogizer/filesystem/nfs_client.go:284.2,288.16 3 0
catalogizer/filesystem/nfs_client.go:288.16,290.3 1 0
catalogizer/filesystem/nfs_client.go:291.2,295.16 3 0
catalogizer/filesystem/nfs_client.go:295.16,297.3 1 0
catalogizer/filesystem/nfs_client.go:299.2,299.12 1 0
catalogizer/filesystem/nfs_client.go:303.42,305.2 1 1
catalogizer/filesystem/nfs_client.go:308.45,310.2 1 0
catalogizer/filesystem/smb_client.go:31.49,35.2 1 4
catalogizer/filesystem/smb_client.go:38.56,42.16 3 1
catalogizer/filesystem/smb_client.go:42.16,44.3 1 1
catalogizer/filesystem/smb_client.go:47.2,56.16 3 0
catalogizer/filesystem/smb_client.go:56.16,59.3 2 0
catalogizer/filesystem/smb_client.go:62.2,63.16 2 0
catalogizer/filesystem/smb_client.go:63.16,67.3 3 0
catalogizer/filesystem/smb_client.go:69.2,72.12 4 0
catalogizer/filesystem/smb_client.go:76.59,79.20 2 0
catalogizer/filesystem/smb_client.go:79.20,80.42 1 0
catalogizer/filesystem/smb_client.go:80.42,82.4 1 0
catalogizer/filesystem/smb_client.go:85.2,85.22 1 0
catalogizer/filesystem/smb_client.go:85.22,86.44 1 0
catalogizer/filesystem/smb_client.go:86.44,88.4 1 0
catalogizer/filesystem/smb_client.go:91.2,91.19 1 0
catalogizer/filesystem/smb_client.go:91.19,92.40 1 0
catalogizer/filesystem/smb_client.go:92.40,94.4 1 0
catalogizer/filesystem/smb_client.go:97.2,97.19 1 0
catalogizer/filesystem/smb_client.go:97.19,99.3 1 0
catalogizer/filesystem/smb_client.go:101.2,101.12 1 0
catalogizer/filesystem/smb_client.go:105.40,107.2 1 3
catalogizer/filesystem/smb_client.go:110.63,111.22 1 1
catalogizer/filesystem/smb_client.go:111.22,113.3 1 1
catalogizer/filesystem/smb_client.go:115.2,116.12 2 0
catalogizer/filesystem/smb_client.go:120.87,121.22 1 0
catalogizer/filesystem/smb_client.go:121.22,123.3 1 0
catalogizer/filesystem/smb_client.go:124.2,125.16 2 0
catalogizer/filesystem/smb_client.go:125.16,127.3 1 0
catalogizer/filesystem/smb_client.go:128.2,128.18 1 0
catalogizer/filesystem/smb_client.go:132.87,133.22 1 0
catalogizer/filesystem/smb_client.go:133.22,135.3 1 0
catalogizer/filesystem/smb_client.go:136.2,137.16 2 0
catalogizer/filesystem/smb_client.go:137.16,139.3 1 0
catalogizer/filesystem/smb_client.go:140.2,143.16 3 0
catalogizer/filesystem/smb_client.go:143.16,145.3 1 0
catalogizer/filesystem/smb_client.go:147.2,147.12 1 0
catalogizer/filesystem/smb_client.go:151.86,152.22 1 0
catalogizer/filesystem/smb_client.go:152.22,154.3 1 0
catalogizer/filesystem/smb_client.go:155.2,156.16 2 0
catalogizer/filesystem/smb_client.go:156.16,158.3 1 0
catalogizer/filesystem/smb_client.go:160.2,167.8 1 0
catalogizer/filesystem/smb_client.go:171.90,172.22 1 0
catalogizer/filesystem/smb_client.go:172.22,174.3 1 0
catalogizer/filesystem/smb_client.go:175.2,176.16 2 0
catalogizer/filesystem/smb_client.go:176.16,178.3 1 0
catalogizer/filesystem/smb_client.go:180.2,181.32 2 0
catalogizer/filesystem/smb_client.go:181.32,190.3 1 0
catalogizer/filesystem/smb_client.go:192.2,192.19 1 0
catalogizer/filesystem/smb_client.go:196.80,197.22 1 0
catalogizer/filesystem/smb_client.go:197.22,199.3 1 0
catalogizer/filesystem/smb_client.go:200.2,201.16 2 0
catalogizer/filesystem/smb_client.go:201.16,202.27 1 0
catalogizer/filesystem/smb_client.go:202.27,204.4 1 0
catalogizer/filesystem/smb_client.go:205.3,205.83 1 0
catalogizer/filesystem/smb_client.go:207.2,207.18 1 0
catalogizer/filesystem/smb_client.go:211.77,212.22 1 0
catalogizer/filesystem/smb_client.go:212.22,214.3 1 0
catalogizer/filesystem/smb_client.go:215.2,216.16 2 0
catalogizer/filesystem/smb_client.go:216.16,218.3 1 0
catalogizer/filesystem/smb_client.go:219.2,219.12 1 0
catalogizer/filesystem/smb_client.go:223.77,224.22 1 0
catalogizer/filesystem/smb_client.go:224.22,226.3 1 0
catalogizer/filesystem/smb_client.go:227.2,228.16 2 0
catalogizer/filesystem/smb_client.go:228.16,230.3 1 0
catalogizer/filesystem/smb_client.go:231.2,231.12 1 0
catalogizer/filesystem/smb_client.go:235.72,236.22 1 0
catalogizer/filesystem/smb_client.go:236.22,238.3 1 0
catalogizer/filesystem/smb_client.go:239.2,240.16 2 0
catalogizer/filesystem/smb_client.go:240.16,242.3 1 0
catalogizer/filesystem/smb_client.go:243.2,243.12 1 0
catalogizer/filesystem/smb_client.go:247.82,248.22 1 0
catalogizer/filesystem/smb_client.go:248.22,250.3 1 0
catalogizer/filesystem/smb_client.go:252.2,253.16 2 0
catalogizer/filesystem/smb_client.go:253.16,255.3 1 0
catalogizer/filesystem/smb_client.go:256.2,260.16 3 0
catalogizer/filesystem/smb_client.go:260.16,262.3 1 0
catalogizer/filesystem/smb_client.go:263.2,267.16 3 0
catalogizer/filesystem/smb_client.go:267.16,269.3 1 0
catalogizer/filesystem/smb_client.go:271.2,271.12 1 0
catalogizer/filesystem/smb_client.go:275.42,277.2 1 2
catalogizer/filesystem/smb_client.go:280.45,282.2 1 0
catalogizer/filesystem/smb_client.go:285.38,289.2 1 0
catalogizer/filesystem/webdav_client.go:32.58,34.45 2 1
catalogizer/filesystem/webdav_client.go:34.45,36.3 1 0
catalogizer/filesystem/webdav_client.go:38.2,42.3 1 1
catalogizer/filesystem/webdav_client.go:46.59,49.16 2 0
catalogizer/filesystem/webdav_client.go:49.16,51.3 1 0
catalogizer/filesystem/webdav_client.go:53.2,53.29 1 0
catalogizer/filesystem/webdav_client.go:53.29,55.3 1 0
catalogizer/filesystem/webdav_client.go:57.2,60.16 3 0
catalogizer/filesystem/webdav_client.go:60.16,62.3 1 0
catalogizer/filesystem/webdav_client.go:63.2,65.83 2 0
catalogizer/filesystem/webdav_client.go:65.83,67.3 1 0
catalogizer/filesystem/webdav_client.go:69.2,70.12 2 0
catalogizer/filesystem/webdav_client.go:74.62,77.2 2 0
catalogizer/filesystem/webdav_client.go:80.43,82.2 1 0
catalogizer/filesystem/webdav_client.go:85.66,86.22 1 0
catalogizer/filesystem/webdav_client.go:86.22,88.3 1 0
catalogizer/filesystem/webdav_client.go:89.2,89.23 1 0
catalogizer/filesystem/webdav_client.go:93.55,96.39 2 0
catalogizer/filesystem/webdav_client.go:96.39,99.3 1 0
catalogizer/filesystem/webdav_client.go:101.2,103.19 3 0
catalogizer/filesystem/webdav_client.go:107.90,108.22 1 0
catalogizer/filesystem/webdav_client.go:108.22,110.3 1 0
catalogizer/filesystem/webdav_client.go:112.2,114.16 3 0
catalogizer/filesystem/webdav_client.go:114.16,116.3 1 0
catalogizer/filesystem/webdav_client.go:118.2,118.29 1 0
catalogizer/filesystem/webdav_client.go:118.29,120.3 1 0
catalogizer/filesystem/webdav_client.go:122.2,123.16 2 0
catalogizer/filesystem/webdav_client.go:123.16,125.3 1 0
catalogizer/filesystem/webdav_client.go:127.2,127.38 1 0
catalogizer/filesystem/webdav_client.go:127.38,130.3 2 0
catalogizer/filesystem/webdav_client.go:132.2,132.23 1 0
catalogizer/filesystem/webdav_client.go:136.90,137.22 1 0
catalogizer/filesystem/webdav_client.go:137.22,139.3 1 0
catalogizer/filesystem/webdav_client.go:141.2,143.16 3 0
catalogizer/filesystem/webdav_client.go:143.16,145.3 1 0
catalogizer/filesystem/webdav_client.go:147.2,147.29 1 0
catalogizer/filesystem/webdav_client.go:147.29,149.3 1 0
catalogizer/filesystem/webdav_client.go:151.2,152.16 2 0
catalogizer/filesystem/webdav_client.go:152.16,154.3 1 0
catalogizer/filesystem/webdav_client.go:155.2,157.53 2 0
catalogizer/filesystem/webdav_client.go:157.53,159.3 1 0
catalogizer/filesystem/webdav_client.go:161.2,161.12 1 0
catalogizer/filesystem/webdav_client.go:165.89,166.22 1 0
catalogizer/filesystem/webdav_client.go:166.22,168.3 1 0
catalogizer/filesystem/webdav_client.go:170.2,172.16 3 0
catalogizer/filesystem/webdav_client.go:172.16,174.3 1 0
catalogizer/filesystem/webdav_client.go:176.2,176.29 1 0
catalogizer/filesystem/webdav_client.go:176.29,178.3 1 0
catalogizer/filesystem/webdav_client.go:180.2,181.16 2 0
catalogizer/filesystem/webdav_client.go:181.16,183.3 1 0
catalogizer/filesystem/webdav_client.go:184.2,186.38 2 0
catalogizer/filesystem/webdav_client.go:186.38,188.3 1 0
catalogizer/filesystem/webdav_client.go:191.2,192.55 2 0
catalogizer/filesystem/webdav_client.go:192.55,193.57 1 0
catalogizer/filesystem/webdav_client.go:193.57,195.4 1 0
catalogizer/filesystem/webdav_client.go:199.2,200.54 2 0
catalogizer/filesystem/webdav_client.go:200.54,201.57 1 0
catalogizer/filesystem/webdav_client.go:201.57,203.4 1 0
catalogizer/filesystem/webdav_client.go:207.2,216.8 2 0
catalogizer/filesystem/webdav_client.go:220.93,221.22 1 0
catalogizer/filesystem/webdav_client.go:221.22,223.3 1 0
catalogizer/filesystem/webdav_client.go:225.2,227.16 3 0
catalogizer/filesystem/webdav_client.go:227.16,229.3 1 0
catalogizer/filesystem/webdav_client.go:231.2,231.29 1 0
catalogizer/filesystem/webdav_client.go:231.29,233.3 1 0
catalogizer/filesystem/webdav_client.go:235.2,238.16 3 0
catalogizer/filesystem/webdav_client.go:238.16,240.3 1 0
catalogizer/filesystem/webdav_client.go:241.2,243.47 2 0
catalogizer/filesystem/webdav_client.go:243.47,245.3 1 0
catalogizer/filesystem/webdav_client.go:249.2,249.27 1 0
catalogizer/filesystem/webdav_client.go:253.83,254.22 1 0
catalogizer/filesystem/webdav_client.go:254.22,256.3 1 0
catalogizer/filesystem/webdav_client.go:258.2,260.16 3 0
catalogizer/filesystem/webdav_client.go:260.16,262.3 1 0
catalogizer/filesystem/webdav_client.go:264.2,264.29 1 0
catalogizer/filesystem/webdav_client.go:264.29,266.3 1 0
catalogizer/filesystem/webdav_client.go:268.2,269.16 2 0
catalogizer/filesystem/webdav_client.go:269.16,271.3 1 0
catalogizer/filesystem/webdav_client.go:272.2,274.46 2 0
catalogizer/filesystem/webdav_client.go:278.80,279.22 1 0
catalogizer/filesystem/webdav_client.go:279.22,281.3 1 0
catalogizer/filesystem/webdav_client.go:283.2,285.16 3 0
catalogizer/filesystem/webdav_client.go:285.16,287.3 1 0
catalogizer/filesystem/webdav_client.go:289.2,289.29 1 0
catalogizer/filesystem/webdav_client.go:289.29,291.3 1 0
catalogizer/filesystem/webdav_client.go:293.2,294.16 2 0
catalogizer/filesystem/webdav_client.go:294.16,296.3 1 0
catalogizer/filesystem/webdav_client.go:297.2,299.53 2 0
catalogizer/filesystem/webdav_client.go:299.53,301.3 1 0
catalogizer/filesystem/webdav_client.go:303.2,303.12 1 0
catalogizer/filesystem/webdav_client.go:307.80,308.22 1 0
catalogizer/filesystem/webdav_client.go:308.22,310.3 1 0
catalogizer/filesystem/webdav_client.go:312.2,314.16 3 0
catalogizer/filesystem/webdav_client.go:314.16,316.3 1 0
catalogizer/filesystem/webdav_client.go:318.2,318.29 1 0
catalogizer/filesystem/webdav_client.go:318.29,320.3 1 0
catalogizer/filesystem/webdav_client.go:322.2,323.16 2 0
catalogizer/filesystem/webdav_client.go:323.16,325.3 1 0
catalogizer/filesystem/webdav_client.go:326.2,328.53 2 0
catalogizer/filesystem/webdav_client.go:328.53,330.3 1 0
catalogizer/filesystem/webdav_client.go:332.2,332.12 1 0
catalogizer/filesystem/webdav_client.go:336.75,337.22 1 0
catalogizer/filesystem/webdav_client.go:337.22,339.3 1 0
catalogizer/filesystem/webdav_client.go:341.2,343.16 3 0
catalogizer/filesystem/webdav_client.go:343.16,345.3 1 0
catalogizer/filesystem/webdav_client.go:347.2,347.29 1 0
catalogizer/filesystem/webdav_client.go:347.29,349.3 1 0
catalogizer/filesystem/webdav_client.go:351.2,352.16 2 0
catalogizer/filesystem/webdav_client.go:352.16,354.3 1 0
catalogizer/filesystem/webdav_client.go:355.2,357.53 2 0
catalogizer/filesystem/webdav_client.go:357.53,359.3 1 0
catalogizer/filesystem/webdav_client.go:361.2,361.12 1 0
catalogizer/filesystem/webdav_client.go:365.85,366.22 1 0
catalogizer/filesystem/webdav_client.go:366.22,368.3 1 0
catalogizer/filesystem/webdav_client.go:370.2,374.16 4 0
catalogizer/filesystem/webdav_client.go:374.16,376.3 1 0
catalogizer/filesystem/webdav_client.go:378.2,378.29 1 0
catalogizer/filesystem/webdav_client.go:378.29,380.3 1 0
catalogizer/filesystem/webdav_client.go:382.2,385.16 3 0
catalogizer/filesystem/webdav_client.go:385.16,387.3 1 0
catalogizer/filesystem/webdav_client.go:388.2,390.53 2 0
catalogizer/filesystem/webdav_client.go:390.53,392.3 1 0
catalogizer/filesystem/webdav_client.go:394.2,394.12 1 0
catalogizer/filesystem/webdav_client.go:398.45,400.2 1 1
catalogizer/filesystem/webdav_client.go:403.48,405.2 1 0
catalogizer/internal/config/config.go:72.30,74.22 2 0
catalogizer/internal/config/config.go:74.22,76.3 1 0
catalogizer/internal/config/config.go:78.2,78.33 1 0
catalogizer/internal/config/config.go:81.49,83.16 2 0
catalogizer/internal/config/config.go:83.16,85.3 1 0
catalogizer/internal/config/config.go:86.2,90.48 4 0
catalogizer/internal/config/config.go:90.48,92.3 1 0
catalogizer/internal/config/config.go:94.2,94.42 1 0
catalogizer/internal/config/config.go:94.42,96.3 1 0
catalogizer/internal/config/config.go:98.2,98.21 1 0
catalogizer/internal/config/config.go:101.35,102.25 1 0
catalogizer/internal/config/config.go:102.25,104.3 1 0
catalogizer/internal/config/config.go:105.2,105.25 1 0
catalogizer/internal/config/config.go:105.25,107.3 1 0
catalogizer/internal/config/config.go:108.2,108.31 1 0
catalogizer/internal/config/config.go:108.31,110.3 1 0
catalogizer/internal/config/config.go:111.2,111.32 1 0
catalogizer/internal/config/config.go:111.32,113.3 1 0
catalogizer/internal/config/config.go:114.2,114.31 1 0
catalogizer/internal/config/config.go:114.31,116.3 1 0
catalogizer/internal/config/config.go:118.2,118.29 1 0
catalogizer/internal/config/config.go:118.29,120.3 1 0
catalogizer/internal/config/config.go:121.2,121.35 1 0
catalogizer/internal/config/config.go:121.35,123.3 1 0
catalogizer/internal/config/config.go:124.2,124.38 1 0
catalogizer/internal/config/config.go:124.38,126.3 1 0
catalogizer/internal/config/config.go:128.2,128.24 1 0
catalogizer/internal/config/config.go:128.24,130.3 1 0
catalogizer/internal/config/config.go:131.2,131.26 1 0
catalogizer/internal/config/config.go:131.26,133.3 1 0
catalogizer/internal/config/config.go:135.2,135.12 1 0
catalogizer/internal/config/config.go:138.44,140.2 1 0
catalogizer/internal/auth/middleware.go:18.86,23.2 1 0
catalogizer/internal/auth/middleware.go:26.56,27.30 1 0
catalogizer/internal/auth/middleware.go:27.30,29.18 2 0
catalogizer/internal/auth/middleware.go:29.18,33.4 3 0
catalogizer/internal/auth/middleware.go:35.3,36.17 2 0
catalogizer/internal/auth/middleware.go:36.17,41.4 4 0
catalogizer/internal/auth/middleware.go:44.3,50.11 6 0
catalogizer/internal/auth/middleware.go:55.79,56.30 1 0
catalogizer/internal/auth/middleware.go:56.30,58.14 2 0
catalogizer/internal/auth/middleware.go:58.14,62.4 3 0
catalogizer/internal/auth/middleware.go:64.3,65.10 2 0
catalogizer/internal/auth/middleware.go:65.10,69.4 3 0
catalogizer/internal/auth/middleware.go:71.3,71.63 1 0
catalogizer/internal/auth/middleware.go:71.63,78.4 4 0
catalogizer/internal/auth/middleware.go:80.3,80.11 1 0
catalogizer/internal/auth/middleware.go:85.71,86.30 1 0
catalogizer/internal/auth/middleware.go:86.30,88.14 2 0
catalogizer/internal/auth/middleware.go:88.14,92.4 3 0
catalogizer/internal/auth/middleware.go:94.3,95.10 2 0
catalogizer/internal/auth/middleware.go:95.10,99.4 3 0
catalogizer/internal/auth/middleware.go:102.3,103.30 2 0
catalogizer/internal/auth/middleware.go:103.30,104.28 1 0
catalogizer/internal/auth/middleware.go:104.28,106.10 2 0
catalogizer/internal/auth/middleware.go:110.3,110.37 1 0
catalogizer/internal/auth/middleware.go:110.37,118.4 4 0
catalogizer/internal/auth/middleware.go:120.3,120.11 1 0
catalogizer/internal/auth/middleware.go:125.89,126.30 1 0
catalogizer/internal/auth/middleware.go:126.30,128.14 2 0
catalogizer/internal/auth/middleware.go:128.14,132.4 3 0
catalogizer/internal/auth/middleware.go:134.3,135.10 2 0
catalogizer/internal/auth/middleware.go:135.10,139.4 3 0
catalogizer/internal/auth/middleware.go:141.3,141.43 1 0
catalogizer/internal/auth/middleware.go:141.43,153.4 4 0
catalogizer/internal/auth/middleware.go:155.3,155.11 1 0
catalogizer/internal/auth/middleware.go:160.57,161.30 1 0
catalogizer/internal/auth/middleware.go:161.30,163.18 2 0
catalogizer/internal/auth/middleware.go:163.18,165.18 2 0
catalogizer/internal/auth/middleware.go:165.18,172.5 5 0
catalogizer/internal/auth/middleware.go:174.3,174.11 1 0
catalogizer/internal/auth/middleware.go:179.54,181.2 1 0
catalogizer/internal/auth/middleware.go:184.61,186.2 1 0
catalogizer/internal/auth/middleware.go:189.62,191.22 2 0
catalogizer/internal/auth/middleware.go:191.22,193.3 1 0
catalogizer/internal/auth/middleware.go:196.2,196.46 1 0
catalogizer/internal/auth/middleware.go:196.46,198.3 1 0
catalogizer/internal/auth/middleware.go:200.2,200.11 1 0
catalogizer/internal/auth/middleware.go:204.51,206.13 2 0
catalogizer/internal/auth/middleware.go:206.13,208.3 1 0
catalogizer/internal/auth/middleware.go:210.2,211.20 2 0
catalogizer/internal/auth/middleware.go:215.53,217.13 2 0
catalogizer/internal/auth/middleware.go:217.13,219.3 1 0
catalogizer/internal/auth/middleware.go:221.2,222.15 2 0
catalogizer/internal/auth/middleware.go:226.60,228.13 2 0
catalogizer/internal/auth/middleware.go:228.13,230.3 1 0
catalogizer/internal/auth/middleware.go:232.2,232.57 1 0
catalogizer/internal/auth/middleware.go:236.35,238.13 2 0
catalogizer/internal/auth/middleware.go:238.13,240.3 1 0
catalogizer/internal/auth/middleware.go:242.2,242.23 1 0
catalogizer/internal/auth/middleware.go:246.70,248.13 2 0
catalogizer/internal/auth/middleware.go:248.13,250.3 1 0
catalogizer/internal/auth/middleware.go:252.2,252.41 1 0
catalogizer/internal/auth/middleware.go:256.60,257.30 1 0
catalogizer/internal/auth/middleware.go:257.30,262.13 3 0
catalogizer/internal/auth/middleware.go:262.13,271.4 1 0
catalogizer/internal/auth/middleware.go:276.87,278.30 1 0
catalogizer/internal/auth/middleware.go:278.30,280.14 2 0
catalogizer/internal/auth/middleware.go:280.14,283.4 2 0
catalogizer/internal/auth/middleware.go:287.3,291.11 4 0
catalogizer/internal/auth/models.go:106.31,107.37 1 0
catalogizer/internal/auth/models.go:107.37,109.3 1 0
catalogizer/internal/auth/models.go:110.2,110.12 1 0
catalogizer/internal/auth/models.go:113.63,115.2 1 0
catalogizer/internal/auth/models.go:117.57,119.2 1 0
catalogizer/internal/auth/models.go:121.58,123.2 1 0
catalogizer/internal/auth/models.go:125.45,127.2 1 0
catalogizer/internal/auth/models.go:129.46,131.2 1 0
catalogizer/internal/auth/models.go:133.57,135.2 1 0
catalogizer/internal/auth/models.go:174.47,175.14 1 0
catalogizer/internal/auth/models.go:176.17,183.4 1 0
catalogizer/internal/auth/models.go:184.21,190.4 1 0
catalogizer/internal/auth/models.go:191.16,196.4 1 0
catalogizer/internal/auth/models.go:197.18,201.4 1 0
catalogizer/internal/auth/models.go:202.10,203.39 1 0
catalogizer/internal/auth/models.go:208.54,209.34 1 0
catalogizer/internal/auth/models.go:209.34,210.22 1 0
catalogizer/internal/auth/models.go:210.22,212.4 1 0
catalogizer/internal/auth/models.go:214.2,214.14 1 0
catalogizer/internal/auth/models.go:218.31,220.2 1 0
catalogizer/internal/auth/models.go:223.56,226.2 2 0
catalogizer/internal/auth/service.go:25.84,32.2 1 0
catalogizer/internal/auth/service.go:35.42,37.41 1 0
catalogizer/internal/auth/service.go:37.41,39.3 1 0
catalogizer/internal/auth/service.go:42.2,42.47 1 0
catalogizer/internal/auth/service.go:42.47,44.3 1 0
catalogizer/internal/auth/service.go:46.2,47.12 2 0
catalogizer/internal/auth/service.go:51.44,161.2 3 0
catalogizer/internal/auth/service.go:164.50,168.16 3 0
catalogizer/internal/auth/service.go:168.16,170.3 1 0
catalogizer/internal/auth/service.go:172.2,172.15 1 0
catalogizer/internal/auth/service.go:172.15,175.3 2 0
catalogizer/internal/auth/service.go:178.2,179.16 2 0
catalogizer/internal/auth/service.go:179.16,181.3 1 0
catalogizer/internal/auth/service.go:183.2,189.16 3 0
catalogizer/internal/auth/service.go:189.16,191.3 1 0
catalogizer/internal/auth/service.go:193.2,197.12 2 0
catalogizer/internal/auth/service.go:201.102,204.16 2 0
catalogizer/internal/auth/service.go:204.16,207.3 2 0
catalogizer/internal/auth/service.go:210.2,210.20 1 0
catalogizer/internal/auth/service.go:210.20,213.3 2 0
catalogizer/internal/auth/service.go:216.2,216.99 1 0
catalogizer/internal/auth/service.go:216.99,219.3 2 0
catalogizer/internal/auth/service.go:222.2,226.16 3 0
catalogizer/internal/auth/service.go:226.16,228.3 1 0
catalogizer/internal/auth/service.go:230.2,231.16 2 0
catalogizer/internal/auth/service.go:231.16,233.3 1 0
catalogizer/internal/auth/service.go:236.2,237.16 2 0
catalogizer/internal/auth/service.go:237.16,239.3 1 0
catalogizer/internal/auth/service.go:242.2,243.16 2 0
catalogizer/internal/auth/service.go:243.16,245.3 1 0
catalogizer/internal/auth/service.go:247.2,254.8 2 0
catalogizer/internal/auth/service.go:258.50,261.16 2 0
catalogizer/internal/auth/service.go:261.16,263.3 1 0
catalogizer/internal/auth/service.go:266.2,267.16 2 0
catalogizer/internal/auth/service.go:267.16,269.3 1 0
catalogizer/internal/auth/service.go:271.2,271.12 1 0
catalogizer/internal/auth/service.go:275.72,277.16 2 0
catalogizer/internal/auth/service.go:277.16,279.3 1 0
catalogizer/internal/auth/service.go:282.2,285.34 3 0
catalogizer/internal/auth/service.go:285.34,287.3 1 0
catalogizer/internal/auth/service.go:290.2,291.16 2 0
catalogizer/internal/auth/service.go:291.16,293.3 1 0
catalogizer/internal/auth/service.go:295.2,295.18 1 0
catalogizer/internal/auth/service.go:299.64,311.16 4 0
catalogizer/internal/auth/service.go:311.16,313.3 1 0
catalogizer/internal/auth/service.go:316.2,318.18 2 0
catalogizer/internal/auth/service.go:322.71,327.16 3 0
catalogizer/internal/auth/service.go:327.16,329.3 1 0
catalogizer/internal/auth/service.go:330.2,330.12 1 0
catalogizer/internal/auth/service.go:330.12,332.3 1 0
catalogizer/internal/auth/service.go:335.2,336.16 2 0
catalogizer/internal/auth/service.go:336.16,338.3 1 0
catalogizer/internal/auth/service.go:341.2,347.16 3 0
catalogizer/internal/auth/service.go:347.16,349.3 1 0
catalogizer/internal/auth/service.go:351.2,352.16 2 0
catalogizer/internal/auth/service.go:352.16,354.3 1 0
catalogizer/internal/auth/service.go:356.2,356.30 1 0
catalogizer/internal/auth/service.go:361.82,374.2 4 0
catalogizer/internal/auth/service.go:376.83,380.28 3 0
catalogizer/internal/auth/service.go:380.28,382.3 1 0
catalogizer/internal/auth/service.go:382.8,384.3 1 0
catalogizer/internal/auth/service.go:386.2,397.40 3 0
catalogizer/internal/auth/service.go:400.74,401.104 1 0
catalogizer/internal/auth/service.go:401.104,402.58 1 0
catalogizer/internal/auth/service.go:402.58,404.4 1 0
catalogizer/internal/auth/service.go:405.3,405.26 1 0
catalogizer/internal/auth/service.go:408.2,408.16 1 0
catalogizer/internal/auth/service.go:408.16,410.3 1 0
catalogizer/internal/auth/service.go:412.2,412.61 1 0
catalogizer/internal/auth/service.go:412.61,414.3 1 0
catalogizer/internal/auth/service.go:416.2,416.41 1 0
catalogizer/internal/auth/service.go:419.103,421.16 2 0
catalogizer/internal/auth/service.go:421.16,423.3 1 0
catalogizer/internal/auth/service.go:425.2,433.23 4 0
catalogizer/internal/auth/service.go:436.99,443.16 3 0
catalogizer/internal/auth/service.go:443.16,445.3 1 0
catalogizer/internal/auth/service.go:448.55,450.44 2 0
catalogizer/internal/auth/service.go:450.44,452.3 1 0
catalogizer/internal/auth/service.go:453.2,453.39 1 0
catalogizer/internal/auth/service.go:459.87,463.26 3 0
catalogizer/internal/auth/service.go:463.26,466.3 2 0
catalogizer/internal/auth/service.go:467.2,467.25 1 0
catalogizer/internal/auth/service.go:467.25,470.3 2 0
catalogizer/internal/auth/service.go:471.2,471.22 1 0
catalogizer/internal/auth/service.go:471.22,474.3 2 0
catalogizer/internal/auth/service.go:475.2,475.21 1 0
catalogizer/internal/auth/service.go:475.21,478.3 2 0
catalogizer/internal/auth/service.go:479.2,479.25 1 0
catalogizer/internal/auth/service.go:479.25,482.3 2 0
catalogizer/internal/auth/service.go:484.2,484.24 1 0
catalogizer/internal/auth/service.go:484.24,486.3 1 0
catalogizer/internal/auth/service.go:488.2,494.16 6 0
catalogizer/internal/auth/service.go:494.16,496.3 1 0
catalogizer/internal/auth/service.go:498.2,498.30 1 0
catalogizer/internal/auth/service.go:502.95,504.16 2 0
catalogizer/internal/auth/service.go:504.16,506.3 1 0
catalogizer/internal/auth/service.go:509.2,509.106 1 0
catalogizer/internal/auth/service.go:509.106,511.3 1 0
catalogizer/internal/auth/service.go:514.2,515.16 2 0
catalogizer/internal/auth/service.go:515.16,517.3 1 0
catalogizer/internal/auth/service.go:520.2,522.16 2 0
catalogizer/internal/auth/service.go:522.16,524.3 1 0
catalogizer/internal/auth/service.go:526.2,527.12 2 0
catalogizer/internal/auth/service.go:531.75,535.16 3 0
catalogizer/internal/auth/service.go:535.16,537.3 1 0
catalogizer/internal/auth/service.go:540.2,548.16 3 0
catalogizer/internal/auth/service.go:548.16,550.3 1 0
catalogizer/internal/auth/service.go:551.2,554.18 3 0
catalogizer/internal/auth/service.go:554.18,560.17 3 0
catalogizer/internal/auth/service.go:560.17,561.12 1 0
catalogizer/internal/auth/service.go:563.3,564.30 2 0
catalogizer/internal/auth/service.go:567.2,567.26 1 0
catalogizer/handlers/auth_handler.go:17.69,21.2 1 0
catalogizer/handlers/auth_handler.go:23.69,24.33 1 0
catalogizer/handlers/auth_handler.go:24.33,27.3 2 0
catalogizer/handlers/auth_handler.go:29.2,30.61 2 0
catalogizer/handlers/auth_handler.go:30.61,33.3 2 0
catalogizer/handlers/auth_handler.go:35.2,39.16 4 0
catalogizer/handlers/auth_handler.go:39.16,42.3 2 0
catalogizer/handlers/auth_handler.go:44.2,45.35 2 0
catalogizer/handlers/auth_handler.go:48.76,49.33 1 0
catalogizer/handlers/auth_handler.go:49.33,52.3 2 0
catalogizer/handlers/auth_handler.go:54.2,58.61 2 0
catalogizer/handlers/auth_handler.go:58.61,61.3 2 0
catalogizer/handlers/auth_handler.go:63.2,64.16 2 0
catalogizer/handlers/auth_handler.go:64.16,67.3 2 0
catalogizer/handlers/auth_handler.go:69.2,70.35 2 0
catalogizer/handlers/auth_handler.go:73.70,74.33 1 0
catalogizer/handlers/auth_handler.go:74.33,77.3 2 0
catalogizer/handlers/auth_handler.go:79.2,80.17 2 0
catalogizer/handlers/auth_handler.go:80.17,83.3 2 0
catalogizer/handlers/auth_handler.go:85.2,86.16 2 0
catalogizer/handlers/auth_handler.go:86.16,89.3 2 0
catalogizer/handlers/auth_handler.go:91.2,92.84 2 0
catalogizer/handlers/auth_handler.go:95.73,96.33 1 0
catalogizer/handlers/auth_handler.go:96.33,99.3 2 0
catalogizer/handlers/auth_handler.go:101.2,102.16 2 0
catalogizer/handlers/auth_handler.go:102.16,105.3 2 0
catalogizer/handlers/auth_handler.go:107.2,108.16 2 0
catalogizer/handlers/auth_handler.go:108.16,111.3 2 0
catalogizer/handlers/auth_handler.go:113.2,114.84 2 0
catalogizer/handlers/auth_handler.go:117.78,118.32 1 0
catalogizer/handlers/auth_handler.go:118.32,121.3 2 0
catalogizer/handlers/auth_handler.go:123.2,124.16 2 0
catalogizer/handlers/auth_handler.go:124.16,127.3 2 0
catalogizer/handlers/auth_handler.go:129.2,133.33 4 0
catalogizer/handlers/auth_handler.go:136.78,137.33 1 0
catalogizer/handlers/auth_handler.go:137.33,140.3 2 0
catalogizer/handlers/auth_handler.go:142.2,143.16 2 0
catalogizer/handlers/auth_handler.go:143.16,146.3 2 0
catalogizer/handlers/auth_handler.go:148.2,153.61 2 0
catalogizer/handlers/auth_handler.go:153.61,156.3 2 0
catalogizer/handlers/auth_handler.go:158.2,158.72 1 0
catalogizer/handlers/auth_handler.go:158.72,161.3 2 0
catalogizer/handlers/auth_handler.go:163.2,164.16 2 0
catalogizer/handlers/auth_handler.go:164.16,167.3 2 0
catalogizer/handlers/auth_handler.go:169.2,170.90 2 0
catalogizer/handlers/auth_handler.go:173.81,174.32 1 0
catalogizer/handlers/auth_handler.go:174.32,177.3 2 0
catalogizer/handlers/auth_handler.go:179.2,180.16 2 0
catalogizer/handlers/auth_handler.go:180.16,183.3 2 0
catalogizer/handlers/auth_handler.go:185.2,186.16 2 0
catalogizer/handlers/auth_handler.go:186.16,189.3 2 0
catalogizer/handlers/auth_handler.go:191.2,191.26 1 0
catalogizer/handlers/auth_handler.go:191.26,194.3 2 0
catalogizer/handlers/auth_handler.go:196.2,197.37 2 0
catalogizer/handlers/auth_handler.go:200.81,201.33 1 0
catalogizer/handlers/auth_handler.go:201.33,204.3 2 0
catalogizer/handlers/auth_handler.go:206.2,207.16 2 0
catalogizer/handlers/auth_handler.go:207.16,210.3 2 0
catalogizer/handlers/auth_handler.go:212.2,213.24 2 0
catalogizer/handlers/auth_handler.go:213.24,216.3 2 0
catalogizer/handlers/auth_handler.go:218.2,219.16 2 0
catalogizer/handlers/auth_handler.go:219.16,222.3 2 0
catalogizer/handlers/auth_handler.go:224.2,225.16 2 0
catalogizer/handlers/auth_handler.go:225.16,228.3 2 0
catalogizer/handlers/auth_handler.go:230.2,231.80 2 0
catalogizer/handlers/auth_handler.go:234.77,235.33 1 0
catalogizer/handlers/auth_handler.go:235.33,238.3 2 0
catalogizer/handlers/auth_handler.go:240.2,241.17 2 0
catalogizer/handlers/auth_handler.go:241.17,244.3 2 0
catalogizer/handlers/auth_handler.go:246.2,247.16 2 0
catalogizer/handlers/auth_handler.go:247.16,250.3 2 0
catalogizer/handlers/auth_handler.go:252.2,260.4 2 0
catalogizer/handlers/auth_handler.go:263.77,265.17 2 0
catalogizer/handlers/auth_handler.go:265.17,267.3 1 0
catalogizer/handlers/auth_handler.go:269.2,269.44 1 0
catalogizer/handlers/auth_handler.go:272.43,274.23 2 0
catalogizer/handlers/auth_handler.go:274.23,276.3 1 0
catalogizer/handlers/auth_handler.go:278.2,279.45 2 0
catalogizer/handlers/auth_handler.go:279.45,281.3 1 0
catalogizer/handlers/auth_handler.go:283.2,283.17 1 0
catalogizer/handlers/auth_handler.go:286.42,288.14 2 0
catalogizer/handlers/auth_handler.go:288.14,290.15 2 0
catalogizer/handlers/auth_handler.go:290.15,293.4 2 0
catalogizer/handlers/auth_handler.go:295.2,295.14 1 0
catalogizer/handlers/auth_handler.go:295.14,297.32 2 0
catalogizer/handlers/auth_handler.go:297.32,299.22 2 0
catalogizer/handlers/auth_handler.go:299.22,301.5 1 0
catalogizer/handlers/auth_handler.go:304.2,304.11 1 0
catalogizer/handlers/browse.go:20.75,24.2 1 0
catalogizer/handlers/browse.go:35.57,39.16 3 0
catalogizer/handlers/browse.go:39.16,42.3 2 0
catalogizer/handlers/browse.go:44.2,47.4 1 0
catalogizer/handlers/browse.go:66.57,70.23 3 0
catalogizer/handlers/browse.go:70.23,73.3 2 0
catalogizer/handlers/browse.go:76.2,83.14 6 0
catalogizer/handlers/browse.go:83.14,85.3 1 0
catalogizer/handlers/browse.go:86.2,86.31 1 0
catalogizer/handlers/browse.go:86.31,88.3 1 0
catalogizer/handlers/browse.go:91.2,99.30 2 0
catalogizer/handlers/browse.go:99.30,101.3 1 0
catalogizer/handlers/browse.go:103.2,103.47 1 0
catalogizer/handlers/browse.go:103.47,105.3 1 0
catalogizer/handlers/browse.go:107.2,118.16 4 0
catalogizer/handlers/browse.go:118.16,121.3 2 0
catalogizer/handlers/browse.go:123.2,126.4 1 0
catalogizer/handlers/browse.go:141.53,146.16 4 0
catalogizer/handlers/browse.go:146.16,149.3 2 0
catalogizer/handlers/browse.go:151.2,152.16 2 0
catalogizer/handlers/browse.go:152.16,153.38 1 0
catalogizer/handlers/browse.go:153.38,156.4 2 0
catalogizer/handlers/browse.go:157.3,158.9 2 0
catalogizer/handlers/browse.go:161.2,164.4 1 0
catalogizer/handlers/browse.go:181.59,185.23 3 0
catalogizer/handlers/browse.go:185.23,188.3 2 0
catalogizer/handlers/browse.go:191.2,196.14 4 0
catalogizer/handlers/browse.go:196.14,198.3 1 0
catalogizer/handlers/browse.go:199.2,199.30 1 0
catalogizer/handlers/browse.go:199.30,201.3 1 0
catalogizer/handlers/browse.go:203.2,209.16 3 0
catalogizer/handlers/browse.go:209.16,212.3 2 0
catalogizer/handlers/browse.go:214.2,217.4 1 0
catalogizer/handlers/browse.go:234.64,238.23 3 0
catalogizer/handlers/browse.go:238.23,241.3 2 0
catalogizer/handlers/browse.go:244.2,249.14 4 0
catalogizer/handlers/browse.go:249.14,251.3 1 0
catalogizer/handlers/browse.go:252.2,252.30 1 0
catalogizer/handlers/browse.go:252.30,254.3 1 0
catalogizer/handlers/browse.go:256.2,262.16 3 0
catalogizer/handlers/browse.go:262.16,265.3 2 0
catalogizer/handlers/browse.go:267.2,270.4 1 0
catalogizer/handlers/configuration_handler.go:19.140,24.2 1 0
catalogizer/handlers/configuration_handler.go:28.86,33.16 4 0
catalogizer/handlers/configuration_handler.go:33.16,36.3 2 0
catalogizer/handlers/configuration_handler.go:38.2,39.33 2 0
catalogizer/handlers/configuration_handler.go:42.91,47.62 4 0
catalogizer/handlers/configuration_handler.go:47.62,50.3 2 0
catalogizer/handlers/configuration_handler.go:52.2,53.16 2 0
catalogizer/handlers/configuration_handler.go:53.16,56.3 2 0
catalogizer/handlers/configuration_handler.go:58.2,59.39 2 0
catalogizer/handlers/configuration_handler.go:62.91,68.67 5 0
catalogizer/handlers/configuration_handler.go:68.67,71.3 2 0
catalogizer/handlers/configuration_handler.go:73.2,74.16 2 0
catalogizer/handlers/configuration_handler.go:74.16,77.3 2 0
catalogizer/handlers/configuration_handler.go:79.2,82.4 2 0
catalogizer/handlers/configuration_handler.go:85.90,89.16 3 0
catalogizer/handlers/configuration_handler.go:89.16,92.3 2 0
catalogizer/handlers/configuration_handler.go:94.2,95.37 2 0
catalogizer/handlers/configuration_handler.go:98.87,102.67 3 0
catalogizer/handlers/configuration_handler.go:102.67,105.3 2 0
catalogizer/handlers/configuration_handler.go:107.2,108.16 2 0
catalogizer/handlers/configuration_handler.go:108.16,111.3 2 0
catalogizer/handlers/configuration_handler.go:113.2,117.4 2 0
catalogizer/handlers/configuration_handler.go:122.89,126.34 3 0
catalogizer/handlers/configuration_handler.go:126.34,129.3 2 0
catalogizer/handlers/configuration_handler.go:131.2,132.16 2 0
catalogizer/handlers/configuration_handler.go:132.16,135.3 2 0
catalogizer/handlers/configuration_handler.go:137.2,138.35 2 0
catalogizer/handlers/configuration_handler.go:141.90,145.34 3 0
catalogizer/handlers/configuration_handler.go:145.34,148.3 2 0
catalogizer/handlers/configuration_handler.go:153.2,156.4 2 0
catalogizer/handlers/configuration_handler.go:159.85,163.16 4 0
catalogizer/handlers/configuration_handler.go:163.16,166.3 2 0
catalogizer/handlers/configuration_handler.go:168.2,169.34 2 0
catalogizer/handlers/configuration_handler.go:169.34,172.3 2 0
catalogizer/handlers/configuration_handler.go:175.2,178.4 2 0
catalogizer/handlers/configuration_handler.go:183.88,187.34 3 0
catalogizer/handlers/configuration_handler.go:187.34,190.3 2 0
catalogizer/handlers/configuration_handler.go:192.2,206.35 3 0
catalogizer/handlers/conversion_handler.go:19.128,24.2 1 0
catalogizer/handlers/conversion_handler.go:26.79,27.33 1 0
catalogizer/handlers/conversion_handler.go:27.33,30.3 2 0
catalogizer/handlers/conversion_handler.go:32.2,33.16 2 0
catalogizer/handlers/conversion_handler.go:33.16,36.3 2 0
catalogizer/handlers/conversion_handler.go:38.2,39.16 2 0
catalogizer/handlers/conversion_handler.go:39.16,42.3 2 0
catalogizer/handlers/conversion_handler.go:44.2,44.20 1 0
catalogizer/handlers/conversion_handler.go:44.20,47.3 2 0
catalogizer/handlers/conversion_handler.go:49.2,50.61 2 0
catalogizer/handlers/conversion_handler.go:50.61,53.3 2 0
catalogizer/handlers/conversion_handler.go:55.2,56.16 2 0
catalogizer/handlers/conversion_handler.go:56.16,59.3 2 0
catalogizer/handlers/conversion_handler.go:61.2,63.32 3 0
catalogizer/handlers/conversion_handler.go:66.76,67.32 1 0
catalogizer/handlers/conversion_handler.go:67.32,70.3 2 0
catalogizer/handlers/conversion_handler.go:72.2,73.16 2 0
catalogizer/handlers/conversion_handler.go:73.16,76.3 2 0
catalogizer/handlers/conversion_handler.go:78.2,80.16 3 0
catalogizer/handlers/conversion_handler.go:80.16,83.3 2 0
catalogizer/handlers/conversion_handler.go:85.2,86.16 2 0
catalogizer/handlers/conversion_handler.go:86.16,87.52 1 0
catalogizer/handlers/conversion_handler.go:87.52,90.4 2 0
catalogizer/handlers/conversion_handler.go:91.3,91.49 1 0
catalogizer/handlers/conversion_handler.go:91.49,94.4 2 0
catalogizer/handlers/conversion_handler.go:95.3,96.9 2 0
catalogizer/handlers/conversion_handler.go:99.2,100.32 2 0
catalogizer/handlers/conversion_handler.go:103.82,104.32 1 0
catalogizer/handlers/conversion_handler.go:104.32,107.3 2 0
catalogizer/handlers/conversion_handler.go:109.2,110.16 2 0
catalogizer/handlers/conversion_handler.go:110.16,113.3 2 0
catalogizer/handlers/conversion_handler.go:115.2,117.18 3 0
catalogizer/handlers/conversion_handler.go:117.18,119.3 1 0
catalogizer/handlers/conversion_handler.go:121.2,127.20 5 0
catalogizer/handlers/conversion_handler.go:127.20,128.102 1 0
catalogizer/handlers/conversion_handler.go:128.102,130.4 1 0
catalogizer/handlers/conversion_handler.go:133.2,133.21 1 0
catalogizer/handlers/conversion_handler.go:133.21,134.84 1 0
catalogizer/handlers/conversion_handler.go:134.84,136.4 1 0
catalogizer/handlers/conversion_handler.go:139.2,140.16 2 0
catalogizer/handlers/conversion_handler.go:140.16,143.3 2 0
catalogizer/handlers/conversion_handler.go:145.2,152.37 3 0
catalogizer/handlers/conversion_handler.go:155.78,156.33 1 0
catalogizer/handlers/conversion_handler.go:156.33,159.3 2 0
catalogizer/handlers/conversion_handler.go:161.2,162.16 2 0
catalogizer/handlers/conversion_handler.go:162.16,165.3 2 0
catalogizer/handlers/conversion_handler.go:167.2,168.16 2 0
catalogizer/handlers/conversion_handler.go:168.16,171.3 2 0
catalogizer/handlers/conversion_handler.go:173.2,173.20 1 0
catalogizer/handlers/conversion_handler.go:173.20,176.3 2 0
catalogizer/handlers/conversion_handler.go:178.2,181.16 4 0
catalogizer/handlers/conversion_handler.go:181.16,184.3 2 0
catalogizer/handlers/conversion_handler.go:186.2,187.16 2 0
catalogizer/handlers/conversion_handler.go:187.16,190.3 2 0
catalogizer/handlers/conversion_handler.go:192.2,193.85 2 0
catalogizer/handlers/conversion_handler.go:196.79,197.33 1 0
catalogizer/handlers/conversion_handler.go:197.33,200.3 2 0
catalogizer/handlers/conversion_handler.go:202.2,203.16 2 0
catalogizer/handlers/conversion_handler.go:203.16,206.3 2 0
catalogizer/handlers/conversion_handler.go:208.2,211.16 4 0
catalogizer/handlers/conversion_handler.go:211.16,214.3 2 0
catalogizer/handlers/conversion_handler.go:216.2,217.16 2 0
catalogizer/handlers/conversion_handler.go:217.16,218.52 1 0
catalogizer/handlers/conversion_handler.go:218.52,221.4 2 0
catalogizer/handlers/conversion_handler.go:222.3,223.9 2 0
catalogizer/handlers/conversion_handler.go:226.2,227.87 2 0
catalogizer/handlers/conversion_handler.go:230.78,231.33 1 0
catalogizer/handlers/conversion_handler.go:231.33,234.3 2 0
catalogizer/handlers/conversion_handler.go:236.2,237.16 2 0
catalogizer/handlers/conversion_handler.go:237.16,240.3 2 0
catalogizer/handlers/conversion_handler.go:242.2,245.16 4 0
catalogizer/handlers/conversion_handler.go:245.16,248.3 2 0
catalogizer/handlers/conversion_handler.go:250.2,251.16 2 0
catalogizer/handlers/conversion_handler.go:251.16,252.52 1 0
catalogizer/handlers/conversion_handler.go:252.52,255.4 2 0
catalogizer/handlers/conversion_handler.go:256.3,257.9 2 0
catalogizer/handlers/conversion_handler.go:260.2,261.87 2 0
catalogizer/handlers/conversion_handler.go:264.89,265.32 1 0
catalogizer/handlers/conversion_handler.go:265.32,268.3 2 0
catalogizer/handlers/conversion_handler.go:270.2,273.36 3 0
catalogizer/handlers/conversion_handler.go:276.83,277.32 1 0
catalogizer/handlers/conversion_handler.go:277.32,280.3 2 0
catalogizer/handlers/conversion_handler.go:282.2,283.16 2 0
catalogizer/handlers/conversion_handler.go:283.16,286.3 2 0
catalogizer/handlers/conversion_handler.go:288.2,295.24 6 0
catalogizer/handlers/conversion_handler.go:295.24,296.72 1 0
catalogizer/handlers/conversion_handler.go:296.72,298.4 1 0
catalogizer/handlers/conversion_handler.go:298.9,301.4 2 0
catalogizer/handlers/conversion_handler.go:302.8,304.3 1 0
catalogizer/handlers/conversion_handler.go:306.2,306.22 1 0
catalogizer/handlers/conversion_handler.go:306.22,307.70 1 0
catalogizer/handlers/conversion_handler.go:307.70,309.4 1 0
catalogizer/handlers/conversion_handler.go:309.9,312.4 2 0
catalogizer/handlers/conversion_handler.go:313.8,315.3 1 0
catalogizer/handlers/conversion_handler.go:317.2,317.21 1 0
catalogizer/handlers/conversion_handler.go:317.21,318.57 1 0
catalogizer/handlers/conversion_handler.go:318.57,319.32 1 0
catalogizer/handlers/conversion_handler.go:319.32,321.37 2 0
catalogizer/handlers/conversion_handler.go:321.37,324.6 2 0
catalogizer/handlers/conversion_handler.go:326.4,326.20 1 0
catalogizer/handlers/conversion_handler.go:327.9,330.4 2 0
catalogizer/handlers/conversion_handler.go:331.8,333.3 1 0
catalogizer/handlers/conversion_handler.go:335.2,336.16 2 0
catalogizer/handlers/conversion_handler.go:336.16,339.3 2 0
catalogizer/handlers/conversion_handler.go:341.2,342.34 2 0
catalogizer/handlers/conversion_handler.go:345.82,346.33 1 0
catalogizer/handlers/conversion_handler.go:346.33,349.3 2 0
catalogizer/handlers/conversion_handler.go:351.2,352.16 2 0
catalogizer/handlers/conversion_handler.go:352.16,355.3 2 0
catalogizer/handlers/conversion_handler.go:357.2,358.16 2 0
catalogizer/handlers/conversion_handler.go:358.16,361.3 2 0
catalogizer/handlers/conversion_handler.go:363.2,363.20 1 0
catalogizer/handlers/conversion_handler.go:363.20,366.3 2 0
catalogizer/handlers/conversion_handler.go:368.2,369.16 2 0
catalogizer/handlers/conversion_handler.go:369.16,372.3 2 0
catalogizer/handlers/conversion_handler.go:374.2,375.85 2 0
catalogizer/handlers/conversion_handler.go:378.78,379.32 1 0
catalogizer/handlers/conversion_handler.go:379.32,382.3 2 0
catalogizer/handlers/conversion_handler.go:384.2,385.16 2 0
catalogizer/handlers/conversion_handler.go:385.16,388.3 2 0
catalogizer/handlers/conversion_handler.go:390.2,391.16 2 0
catalogizer/handlers/conversion_handler.go:391.16,394.3 2 0
catalogizer/handlers/conversion_handler.go:396.2,396.20 1 0
catalogizer/handlers/conversion_handler.go:396.20,399.3 2 0
catalogizer/handlers/conversion_handler.go:401.2,402.16 2 0
catalogizer/handlers/conversion_handler.go:402.16,405.3 2 0
catalogizer/handlers/conversion_handler.go:407.2,411.4 2 0
catalogizer/handlers/conversion_handler.go:414.81,415.33 1 0
catalogizer/handlers/conversion_handler.go:415.33,418.3 2 0
catalogizer/handlers/conversion_handler.go:420.2,421.16 2 0
catalogizer/handlers/conversion_handler.go:421.16,424.3 2 0
catalogizer/handlers/conversion_handler.go:426.2,427.16 2 0
catalogizer/handlers/conversion_handler.go:427.16,430.3 2 0
catalogizer/handlers/conversion_handler.go:432.2,432.20 1 0
catalogizer/handlers/conversion_handler.go:432.20,435.3 2 0
catalogizer/handlers/conversion_handler.go:437.2,440.19 3 0
catalogizer/handlers/conversion_handler.go:440.19,441.69 1 0
catalogizer/handlers/conversion_handler.go:441.69,443.4 1 0
catalogizer/handlers/conversion_handler.go:446.2,449.16 3 0
catalogizer/handlers/conversion_handler.go:449.16,452.3 2 0
catalogizer/handlers/conversion_handler.go:454.2,455.91 2 0
catalogizer/handlers/conversion_handler.go:458.83,460.17 2 0
catalogizer/handlers/conversion_handler.go:460.17,462.3 1 0
catalogizer/handlers/conversion_handler.go:464.2,464.44 1 0
catalogizer/handlers/copy.go:28.87,34.2 1 0
catalogizer/handlers/copy.go:48.49,52.47 3 0
catalogizer/handlers/copy.go:52.47,55.3 2 0
catalogizer/handlers/copy.go:58.2,58.55 1 0
catalogizer/handlers/copy.go:58.55,61.3 2 0
catalogizer/handlers/copy.go:64.2,65.16 2 0
catalogizer/handlers/copy.go:65.16,66.38 1 0
catalogizer/handlers/copy.go:66.38,69.4 2 0
catalogizer/handlers/copy.go:70.3,71.9 2 0
catalogizer/handlers/copy.go:75.2,76.16 2 0
catalogizer/handlers/copy.go:76.16,79.3 2 0
catalogizer/handlers/copy.go:82.2,83.36 2 0
catalogizer/handlers/copy.go:83.36,84.42 1 0
catalogizer/handlers/copy.go:84.42,86.4 1 0
catalogizer/handlers/copy.go:87.3,87.42 1 0
catalogizer/handlers/copy.go:87.42,89.4 1 0
catalogizer/handlers/copy.go:92.2,92.30 1 0
catalogizer/handlers/copy.go:92.30,95.3 2 0
catalogizer/handlers/copy.go:96.2,96.28 1 0
catalogizer/handlers/copy.go:96.28,99.3 2 0
catalogizer/handlers/copy.go:102.2,103.16 2 0
catalogizer/handlers/copy.go:103.16,106.3 2 0
catalogizer/handlers/copy.go:108.2,109.16 2 0
catalogizer/handlers/copy.go:109.16,112.3 2 0
catalogizer/handlers/copy.go:115.2,118.28 3 0
catalogizer/handlers/copy.go:118.28,120.3 1 0
catalogizer/handlers/copy.go:120.8,122.3 1 0
catalogizer/handlers/copy.go:124.2,124.16 1 0
catalogizer/handlers/copy.go:124.16,127.3 2 0
catalogizer/handlers/copy.go:129.2,135.4 3 0
catalogizer/handlers/copy.go:150.51,154.47 3 0
catalogizer/handlers/copy.go:154.47,157.3 2 0
catalogizer/handlers/copy.go:160.2,160.57 1 0
catalogizer/handlers/copy.go:160.57,163.3 2 0
catalogizer/handlers/copy.go:166.2,167.16 2 0
catalogizer/handlers/copy.go:167.16,168.38 1 0
catalogizer/handlers/copy.go:168.38,171.4 2 0
catalogizer/handlers/copy.go:172.3,173.9 2 0
catalogizer/handlers/copy.go:177.2,178.16 2 0
catalogizer/handlers/copy.go:178.16,181.3 2 0
catalogizer/handlers/copy.go:184.2,185.32 2 0
catalogizer/handlers/copy.go:185.32,186.42 1 0
catalogizer/handlers/copy.go:186.42,188.9 2 0
catalogizer/handlers/copy.go:192.2,192.26 1 0
catalogizer/handlers/copy.go:192.26,195.3 2 0
catalogizer/handlers/copy.go:198.2,199.16 2 0
catalogizer/handlers/copy.go:199.16,202.3 2 0
catalogizer/handlers/copy.go:205.2,208.28 3 0
catalogizer/handlers/copy.go:208.28,210.3 1 0
catalogizer/handlers/copy.go:210.8,212.3 1 0
catalogizer/handlers/copy.go:214.2,214.16 1 0
catalogizer/handlers/copy.go:214.16,217.3 2 0
catalogizer/handlers/copy.go:219.2,225.4 3 0
catalogizer/handlers/copy.go:242.53,251.45 6 0
catalogizer/handlers/copy.go:251.45,254.3 2 0
catalogizer/handlers/copy.go:257.2,258.16 2 0
catalogizer/handlers/copy.go:258.16,261.3 2 0
catalogizer/handlers/copy.go:262.2,266.16 3 0
catalogizer/handlers/copy.go:266.16,269.3 2 0
catalogizer/handlers/copy.go:272.2,273.32 2 0
catalogizer/handlers/copy.go:273.32,274.35 1 0
catalogizer/handlers/copy.go:274.35,276.9 2 0
catalogizer/handlers/copy.go:280.2,280.24 1 0
catalogizer/handlers/copy.go:280.24,283.3 2 0
catalogizer/handlers/copy.go:286.2,287.16 2 0
catalogizer/handlers/copy.go:287.16,290.3 2 0
catalogizer/handlers/copy.go:293.2,297.95 3 0
catalogizer/handlers/copy.go:297.95,300.3 2 0
catalogizer/handlers/copy.go:303.2,304.16 2 0
catalogizer/handlers/copy.go:304.16,307.3 2 0
catalogizer/handlers/copy.go:309.2,321.4 2 0
catalogizer/handlers/copy.go:326.96,328.29 2 0
catalogizer/handlers/copy.go:328.29,330.3 1 0
catalogizer/handlers/copy.go:331.2,332.29 2 0
catalogizer/handlers/copy.go:332.29,334.3 1 0
catalogizer/handlers/copy.go:335.2,336.29 2 0
catalogizer/handlers/copy.go:336.29,338.3 1 0
catalogizer/handlers/copy.go:339.2,340.33 2 0
catalogizer/handlers/copy.go:340.33,342.3 1 0
catalogizer/handlers/copy.go:343.2,344.31 2 0
catalogizer/handlers/copy.go:344.31,346.3 1 0
catalogizer/handlers/copy.go:348.2,357.58 3 0
catalogizer/handlers/copy.go:360.172,362.91 1 0
catalogizer/handlers/copy.go:362.91,364.3 1 0
catalogizer/handlers/copy.go:367.2,368.16 2 0
catalogizer/handlers/copy.go:368.16,370.3 1 0
catalogizer/handlers/copy.go:371.2,375.16 3 0
catalogizer/handlers/copy.go:375.16,377.3 1 0
catalogizer/handlers/copy.go:380.2,381.16 2 0
catalogizer/handlers/copy.go:381.16,383.3 1 0
catalogizer/handlers/copy.go:385.2,390.8 1 0
catalogizer/handlers/copy.go:393.177,399.16 4 0
catalogizer/handlers/copy.go:399.16,401.3 1 0
catalogizer/handlers/copy.go:404.2,405.16 2 0
catalogizer/handlers/copy.go:405.16,407.3 1 0
catalogizer/handlers/copy.go:409.2,414.8 1 0
catalogizer/handlers/copy.go:417.205,419.16 2 0
catalogizer/handlers/copy.go:419.16,421.3 1 0
catalogizer/handlers/copy.go:423.2,423.29 1 0
catalogizer/handlers/copy.go:423.29,424.23 1 0
catalogizer/handlers/copy.go:424.23,426.4 1 0
catalogizer/handlers/copy.go:428.3,431.17 3 0
catalogizer/handlers/copy.go:431.17,434.18 2 0
catalogizer/handlers/copy.go:434.18,436.5 1 0
catalogizer/handlers/copy.go:439.4,440.18 2 0
catalogizer/handlers/copy.go:440.18,442.5 1 0
catalogizer/handlers/copy.go:443.9,446.18 2 0
catalogizer/handlers/copy.go:446.18,448.5 1 0
catalogizer/handlers/copy.go:449.4,450.36 2 0
catalogizer/handlers/copy.go:454.2,454.12 1 0
catalogizer/handlers/copy.go:457.159,459.59 1 0
catalogizer/handlers/copy.go:459.59,461.3 1 0
catalogizer/handlers/copy.go:464.2,465.51 2 0
catalogizer/handlers/copy.go:465.51,467.3 1 0
catalogizer/handlers/copy.go:470.2,471.16 2 0
catalogizer/handlers/copy.go:471.16,473.3 1 0
catalogizer/handlers/copy.go:474.2,478.16 3 0
catalogizer/handlers/copy.go:478.16,480.3 1 0
catalogizer/handlers/copy.go:481.2,485.16 3 0
catalogizer/handlers/copy.go:485.16,487.3 1 0
catalogizer/handlers/copy.go:489.2,494.8 1 0
catalogizer/handlers/copy.go:497.164,502.52 3 0
catalogizer/handlers/copy.go:502.52,504.3 1 0
catalogizer/handlers/copy.go:507.2,508.16 2 0
catalogizer/handlers/copy.go:508.16,510.3 1 0
catalogizer/handlers/copy.go:512.2,517.8 1 0
catalogizer/handlers/copy.go:520.192,522.16 2 0
catalogizer/handlers/copy.go:522.16,524.3 1 0
catalogizer/handlers/copy.go:526.2,526.29 1 0
catalogizer/handlers/copy.go:526.29,527.23 1 0
catalogizer/handlers/copy.go:527.23,529.4 1 0
catalogizer/handlers/copy.go:531.3,534.17 3 0
catalogizer/handlers/copy.go:534.17,536.58 1 0
catalogizer/handlers/copy.go:536.58,538.5 1 0
catalogizer/handlers/copy.go:541.4,542.18 2 0
catalogizer/handlers/copy.go:542.18,544.5 1 0
catalogizer/handlers/copy.go:545.9,548.18 2 0
catalogizer/handlers/copy.go:548.18,550.5 1 0
catalogizer/handlers/copy.go:551.4,552.36 2 0
catalogizer/handlers/copy.go:556.2,556.12 1 0
catalogizer/handlers/copy.go:559.73,560.27 1 0
catalogizer/handlers/copy.go:560.27,562.3 1 0
catalogizer/handlers/copy.go:563.2,563.34 1 0
catalogizer/handlers/copy.go:563.34,565.3 1 0
catalogizer/handlers/copy.go:566.2,566.31 1 0
catalogizer/handlers/copy.go:566.31,568.3 1 0
catalogizer/handlers/copy.go:569.2,569.12 1 0
catalogizer/handlers/copy.go:572.77,573.27 1 0
catalogizer/handlers/copy.go:573.27,575.3 1 0
catalogizer/handlers/copy.go:576.2,576.31 1 0
catalogizer/handlers/copy.go:576.31,578.3 1 0
catalogizer/handlers/copy.go:579.2,579.12 1 0
catalogizer/handlers/copy.go:607.31,609.2 1 0
catalogizer/handlers/download.go:31.132,39.2 1 0
catalogizer/handlers/download.go:53.56,59.16 4 0
catalogizer/handlers/download.go:59.16,62.3 2 0
catalogizer/handlers/download.go:65.2,66.16 2 0
catalogizer/handlers/download.go:66.16,67.38 1 0
catalogizer/handlers/download.go:67.38,70.4 2 0
catalogizer/handlers/download.go:71.3,72.9 2 0
catalogizer/handlers/download.go:76.2,76.22 1 0
catalogizer/handlers/download.go:76.22,79.3 2 0
catalogizer/handlers/download.go:82.2,82.18 1 0
catalogizer/handlers/download.go:82.18,85.3 2 0
catalogizer/handlers/download.go:88.2,89.16 2 0
catalogizer/handlers/download.go:89.16,92.3 2 0
catalogizer/handlers/download.go:94.2,95.32 2 0
catalogizer/handlers/download.go:95.32,96.36 1 0
catalogizer/handlers/download.go:96.36,98.9 2 0
catalogizer/handlers/download.go:102.2,102.20 1 0
catalogizer/handlers/download.go:102.20,105.3 2 0
catalogizer/handlers/download.go:108.2,109.25 2 0
catalogizer/handlers/download.go:109.25,111.3 1 0
catalogizer/handlers/download.go:112.2,113.25 2 0
catalogizer/handlers/download.go:113.25,115.3 1 0
catalogizer/handlers/download.go:116.2,117.25 2 0
catalogizer/handlers/download.go:117.25,119.3 1 0
catalogizer/handlers/download.go:120.2,121.29 2 0
catalogizer/handlers/download.go:121.29,123.3 1 0
catalogizer/handlers/download.go:124.2,125.27 2 0
catalogizer/handlers/download.go:125.27,127.3 1 0
catalogizer/handlers/download.go:129.2,139.16 4 0
catalogizer/handlers/download.go:139.16,142.3 2 0
catalogizer/handlers/download.go:145.2,146.16 2 0
catalogizer/handlers/download.go:146.16,149.3 2 0
catalogizer/handlers/download.go:150.2,155.12 4 0
catalogizer/handlers/download.go:155.12,157.3 1 0
catalogizer/handlers/download.go:159.2,163.50 3 0
catalogizer/handlers/download.go:163.50,165.3 1 0
catalogizer/handlers/download.go:165.8,167.3 1 0
catalogizer/handlers/download.go:170.2,170.34 1 0
catalogizer/handlers/download.go:170.34,173.17 3 0
catalogizer/handlers/download.go:173.17,174.21 1 0
catalogizer/handlers/download.go:174.21,176.5 1 0
catalogizer/handlers/download.go:177.4,177.16 1 0
catalogizer/handlers/download.go:179.3,180.25 2 0
catalogizer/handlers/download.go:198.61,206.19 6 0
catalogizer/handlers/download.go:206.19,209.3 2 0
catalogizer/handlers/download.go:212.2,213.16 2 0
catalogizer/handlers/download.go:213.16,216.3 2 0
catalogizer/handlers/download.go:218.2,219.32 2 0
catalogizer/handlers/download.go:219.32,220.31 1 0
catalogizer/handlers/download.go:220.31,222.9 2 0
catalogizer/handlers/download.go:226.2,226.20 1 0
catalogizer/handlers/download.go:226.20,229.3 2 0
catalogizer/handlers/download.go:232.2,233.25 2 0
catalogizer/handlers/download.go:233.25,235.3 1 0
catalogizer/handlers/download.go:236.2,237.25 2 0
catalogizer/handlers/download.go:237.25,239.3 1 0
catalogizer/handlers/download.go:240.2,241.25 2 0
catalogizer/handlers/download.go:241.25,243.3 1 0
catalogizer/handlers/download.go:244.2,245.29 2 0
catalogizer/handlers/download.go:245.29,247.3 1 0
catalogizer/handlers/download.go:248.2,249.27 2 0
catalogizer/handlers/download.go:249.27,251.3 1 0
catalogizer/handlers/download.go:253.2,263.16 4 0
catalogizer/handlers/download.go:263.16,266.3 2 0
catalogizer/handlers/download.go:269.2,270.16 2 0
catalogizer/handlers/download.go:270.16,273.3 2 0
catalogizer/handlers/download.go:275.2,275.21 1 0
catalogizer/handlers/download.go:275.21,278.3 2 0
catalogizer/handlers/download.go:281.2,282.38 2 0
catalogizer/handlers/download.go:282.38,284.3 1 0
catalogizer/handlers/download.go:285.2,289.34 3 0
catalogizer/handlers/download.go:289.34,291.3 1 0
catalogizer/handlers/download.go:295.169,301.16 5 0
catalogizer/handlers/download.go:301.16,303.3 1 0
catalogizer/handlers/download.go:305.2,305.13 1 0
catalogizer/handlers/download.go:309.208,311.22 1 0
catalogizer/handlers/download.go:311.22,313.3 1 0
catalogizer/handlers/download.go:316.2,316.47 1 0
catalogizer/handlers/download.go:316.47,318.3 1 0
catalogizer/handlers/download.go:321.2,321.35 1 0
catalogizer/handlers/download.go:321.35,323.3 1 0
catalogizer/handlers/download.go:326.2,327.16 2 0
catalogizer/handlers/download.go:327.16,329.3 1 0
catalogizer/handlers/download.go:331.2,331.29 1 0
catalogizer/handlers/download.go:331.29,335.17 3 0
catalogizer/handlers/download.go:335.17,343.18 3 0
catalogizer/handlers/download.go:343.18,345.5 1 0
catalogizer/handlers/download.go:348.4,348.17 1 0
catalogizer/handlers/download.go:348.17,350.19 2 0
catalogizer/handlers/download.go:350.19,352.6 1 0
catalogizer/handlers/download.go:354.9,357.37 2 0
catalogizer/handlers/download.go:357.37,359.5 1 0
catalogizer/handlers/download.go:361.4,368.18 3 0
catalogizer/handlers/download.go:368.18,370.5 1 0
catalogizer/handlers/download.go:373.4,374.18 2 0
catalogizer/handlers/download.go:374.18,376.5 1 0
catalogizer/handlers/download.go:378.4,380.18 3 0
catalogizer/handlers/download.go:380.18,382.5 1 0
catalogizer/handlers/download.go:386.2,386.12 1 0
catalogizer/handlers/download.go:401.59,407.16 4 0
catalogizer/handlers/download.go:407.16,410.3 2 0
catalogizer/handlers/download.go:413.2,414.16 2 0
catalogizer/handlers/download.go:414.16,415.38 1 0
catalogizer/handlers/download.go:415.38,418.4 2 0
catalogizer/handlers/download.go:419.3,420.9 2 0
catalogizer/handlers/download.go:423.2,435.22 2 0
catalogizer/handlers/download.go:435.22,439.3 1 0
catalogizer/handlers/download.go:441.2,444.4 1 0
catalogizer/handlers/download.go:462.35,464.2 1 0
catalogizer/handlers/error_reporting_handler.go:20.144,25.2 1 0
catalogizer/handlers/error_reporting_handler.go:27.85,31.34 3 0
catalogizer/handlers/error_reporting_handler.go:31.34,34.3 2 0
catalogizer/handlers/error_reporting_handler.go:36.2,37.65 2 0
catalogizer/handlers/error_reporting_handler.go:37.65,40.3 2 0
catalogizer/handlers/error_reporting_handler.go:42.2,43.16 2 0
catalogizer/handlers/error_reporting_handler.go:43.16,46.3 2 0
catalogizer/handlers/error_reporting_handler.go:48.2,49.35 2 0
catalogizer/handlers/error_reporting_handler.go:52.85,56.34 3 0
catalogizer/handlers/error_reporting_handler.go:56.34,59.3 2 0
catalogizer/handlers/error_reporting_handler.go:61.2,62.65 2 0
catalogizer/handlers/error_reporting_handler.go:62.65,65.3 2 0
catalogizer/handlers/error_reporting_handler.go:67.2,68.16 2 0
catalogizer/handlers/error_reporting_handler.go:68.16,71.3 2 0
catalogizer/handlers/error_reporting_handler.go:73.2,74.35 2 0
catalogizer/handlers/error_reporting_handler.go:77.88,81.16 4 0
catalogizer/handlers/error_reporting_handler.go:81.16,84.3 2 0
catalogizer/handlers/error_reporting_handler.go:86.2,87.34 2 0
catalogizer/handlers/error_reporting_handler.go:87.34,90.3 2 0
catalogizer/handlers/error_reporting_handler.go:92.2,93.16 2 0
catalogizer/handlers/error_reporting_handler.go:93.16,96.3 2 0
catalogizer/handlers/error_reporting_handler.go:98.2,99.35 2 0
catalogizer/handlers/error_reporting_handler.go:102.88,106.16 4 0
catalogizer/handlers/error_reporting_handler.go:106.16,109.3 2 0
catalogizer/handlers/error_reporting_handler.go:111.2,112.34 2 0
catalogizer/handlers/error_reporting_handler.go:112.34,115.3 2 0
catalogizer/handlers/error_reporting_handler.go:117.2,118.16 2 0
catalogizer/handlers/error_reporting_handler.go:118.16,121.3 2 0
catalogizer/handlers/error_reporting_handler.go:123.2,124.35 2 0
catalogizer/handlers/error_reporting_handler.go:127.90,131.34 3 0
catalogizer/handlers/error_reporting_handler.go:131.34,134.3 2 0
catalogizer/handlers/error_reporting_handler.go:136.2,138.16 3 0
catalogizer/handlers/error_reporting_handler.go:138.16,141.3 2 0
catalogizer/handlers/error_reporting_handler.go:143.2,147.4 2 0
catalogizer/handlers/error_reporting_handler.go:150.90,154.34 3 0
catalogizer/handlers/error_reporting_handler.go:154.34,157.3 2 0
catalogizer/handlers/error_reporting_handler.go:159.2,161.16 3 0
catalogizer/handlers/error_reporting_handler.go:161.16,164.3 2 0
catalogizer/handlers/error_reporting_handler.go:166.2,170.4 2 0
catalogizer/handlers/error_reporting_handler.go:173.91,177.16 4 0
catalogizer/handlers/error_reporting_handler.go:177.16,180.3 2 0
catalogizer/handlers/error_reporting_handler.go:182.2,183.34 2 0
catalogizer/handlers/error_reporting_handler.go:183.34,186.3 2 0
catalogizer/handlers/error_reporting_handler.go:188.2,192.65 2 0
catalogizer/handlers/error_reporting_handler.go:192.65,195.3 2 0
catalogizer/handlers/error_reporting_handler.go:197.2,198.16 2 0
catalogizer/handlers/error_reporting_handler.go:198.16,201.3 2 0
catalogizer/handlers/error_reporting_handler.go:203.2,203.37 1 0
catalogizer/handlers/error_reporting_handler.go:206.91,210.16 4 0
catalogizer/handlers/error_reporting_handler.go:210.16,213.3 2 0
catalogizer/handlers/error_reporting_handler.go:215.2,216.34 2 0
catalogizer/handlers/error_reporting_handler.go:216.34,219.3 2 0
catalogizer/handlers/error_reporting_handler.go:221.2,225.65 2 0
catalogizer/handlers/error_reporting_handler.go:225.65,228.3 2 0
catalogizer/handlers/error_reporting_handler.go:230.2,231.16 2 0
catalogizer/handlers/error_reporting_handler.go:231.16,234.3 2 0
catalogizer/handlers/error_reporting_handler.go:236.2,236.37 1 0
catalogizer/handlers/error_reporting_handler.go:239.92,243.34 3 0
catalogizer/handlers/error_reporting_handler.go:243.34,246.3 2 0
catalogizer/handlers/error_reporting_handler.go:248.2,249.16 2 0
catalogizer/handlers/error_reporting_handler.go:249.16,252.3 2 0
catalogizer/handlers/error_reporting_handler.go:254.2,255.34 2 0
catalogizer/handlers/error_reporting_handler.go:258.92,262.34 3 0
catalogizer/handlers/error_reporting_handler.go:262.34,265.3 2 0
catalogizer/handlers/error_reporting_handler.go:267.2,268.16 2 0
catalogizer/handlers/error_reporting_handler.go:268.16,271.3 2 0
catalogizer/handlers/error_reporting_handler.go:273.2,274.34 2 0
catalogizer/handlers/error_reporting_handler.go:277.89,281.34 3 0
catalogizer/handlers/error_reporting_handler.go:281.34,284.3 2 0
catalogizer/handlers/error_reporting_handler.go:286.2,287.16 2 0
catalogizer/handlers/error_reporting_handler.go:287.16,290.3 2 0
catalogizer/handlers/error_reporting_handler.go:292.2,293.35 2 0
catalogizer/handlers/error_reporting_handler.go:296.93,300.34 3 0
catalogizer/handlers/error_reporting_handler.go:300.34,303.3 2 0
catalogizer/handlers/error_reporting_handler.go:305.2,306.64 2 0
catalogizer/handlers/error_reporting_handler.go:306.64,309.3 2 0
catalogizer/handlers/error_reporting_handler.go:311.2,312.16 2 0
catalogizer/handlers/error_reporting_handler.go:312.16,315.3 2 0
catalogizer/handlers/error_reporting_handler.go:317.2,320.4 2 0
catalogizer/handlers/error_reporting_handler.go:323.90,327.34 3 0
catalogizer/handlers/error_reporting_handler.go:327.34,330.3 2 0
catalogizer/handlers/error_reporting_handler.go:332.2,335.35 3 0
catalogizer/handlers/error_reporting_handler.go:338.91,342.34 3 0
catalogizer/handlers/error_reporting_handler.go:342.34,345.3 2 0
catalogizer/handlers/error_reporting_handler.go:347.2,351.65 2 0
catalogizer/handlers/error_reporting_handler.go:351.65,354.3 2 0
catalogizer/handlers/error_reporting_handler.go:356.2,356.26 1 0
catalogizer/handlers/error_reporting_handler.go:356.26,358.3 1 0
catalogizer/handlers/error_reporting_handler.go:360.2,362.16 3 0
catalogizer/handlers/error_reporting_handler.go:362.16,365.3 2 0
catalogizer/handlers/error_reporting_handler.go:367.2,370.4 2 0
catalogizer/handlers/error_reporting_handler.go:373.87,377.34 3 0
catalogizer/handlers/error_reporting_handler.go:377.34,380.3 2 0
catalogizer/handlers/error_reporting_handler.go:382.2,384.16 3 0
catalogizer/handlers/error_reporting_handler.go:384.16,387.3 2 0
catalogizer/handlers/error_reporting_handler.go:390.2,390.24 1 0
catalogizer/handlers/error_reporting_handler.go:391.14,393.83 2 0
catalogizer/handlers/error_reporting_handler.go:394.13,396.82 2 0
catalogizer/handlers/error_reporting_handler.go:397.10,399.82 2 0
catalogizer/handlers/error_reporting_handler.go:402.2,402.15 1 0
catalogizer/handlers/error_reporting_handler.go:407.101,410.54 2 0
catalogizer/handlers/error_reporting_handler.go:410.54,412.3 1 0
catalogizer/handlers/error_reporting_handler.go:414.2,414.66 1 0
catalogizer/handlers/error_reporting_handler.go:414.66,416.3 1 0
catalogizer/handlers/error_reporting_handler.go:418.2,418.57 1 0
catalogizer/handlers/error_reporting_handler.go:418.57,420.3 1 0
catalogizer/handlers/error_reporting_handler.go:422.2,422.67 1 0
[...]
catalogizer/internal/services/video_player_service.go:1339.56,1341.4 1 0
catalogizer/internal/services/video_player_service.go:1344.2,1347.12 3 0
catalogizer/internal/services/video_player_service.go:1350.117,1352.16 2 0
catalogizer/internal/services/video_player_service.go:1352.16,1354.3 1 0
catalogizer/internal/services/video_player_service.go:1354.8,1356.3 1 0
catalogizer/internal/services/video_player_service.go:1358.2,1359.16 2 0
catalogizer/internal/services/video_player_service.go:1359.16,1361.3 1 0
catalogizer/internal/services/video_player_service.go:1361.8,1364.40 2 0
catalogizer/internal/services/video_player_service.go:1364.40,1365.56 1 0
catalogizer/internal/services/video_player_service.go:1365.56,1369.10 2 0
catalogizer/internal/services/video_player_service.go:1374.2,1374.12 1 0
catalogizer/internal/services/video_player_service.go:1377.111,1386.16 3 0
catalogizer/internal/services/video_player_service.go:1386.16,1388.3 1 0
catalogizer/internal/services/video_player_service.go:1389.2,1392.18 3 0
catalogizer/internal/services/video_player_service.go:1392.18,1398.17 3 0
catalogizer/internal/services/video_player_service.go:1398.17,1399.12 1 0
catalogizer/internal/services/video_player_service.go:1401.3,1401.36 1 0
catalogizer/internal/services/video_player_service.go:1404.2,1404.21 1 0
catalogizer/internal/services/video_player_service.go:1407.109,1417.16 3 0
catalogizer/internal/services/video_player_service.go:1417.16,1419.3 1 0
catalogizer/internal/services/video_player_service.go:1420.2,1423.18 3 0
catalogizer/internal/services/video_player_service.go:1423.18,1433.17 5 0
catalogizer/internal/services/video_player_service.go:1433.17,1434.12 1 0
catalogizer/internal/services/video_player_service.go:1437.3,1437.17 1 0
catalogizer/internal/services/video_player_service.go:1437.17,1439.4 1 0
catalogizer/internal/services/video_player_service.go:1440.3,1440.20 1 0
catalogizer/internal/services/video_player_service.go:1440.20,1442.4 1 0
catalogizer/internal/services/video_player_service.go:1444.3,1444.33 1 0
catalogizer/internal/services/video_player_service.go:1447.2,1447.20 1 0
catalogizer/internal/services/video_player_service.go:1450.116,1459.16 3 0
catalogizer/internal/services/video_player_service.go:1459.16,1461.3 1 0
catalogizer/internal/services/video_player_service.go:1462.2,1465.18 3 0
catalogizer/internal/services/video_player_service.go:1465.18,1471.17 4 0
catalogizer/internal/services/video_player_service.go:1471.17,1472.12 1 0
catalogizer/internal/services/video_player_service.go:1475.3,1475.25 1 0
catalogizer/internal/services/video_player_service.go:1475.25,1477.4 1 0
catalogizer/internal/services/video_player_service.go:1479.3,1479.39 1 0
catalogizer/internal/services/video_player_service.go:1482.2,1483.12 2 0
catalogizer/internal/services/video_player_service.go:1486.142,1488.16 2 0
catalogizer/internal/services/video_player_service.go:1488.16,1490.3 1 0
catalogizer/internal/services/video_player_service.go:1492.2,1493.35 2 0
catalogizer/internal/services/video_player_service.go:1493.35,1494.44 1 0
catalogizer/internal/services/video_player_service.go:1494.44,1496.9 2 0
catalogizer/internal/services/video_player_service.go:1500.2,1500.12 1 0
catalogizer/internal/services/video_player_service.go:1503.141,1505.2 1 0
catalogizer/internal/services/video_player_service.go:1507.123,1517.16 3 0
catalogizer/internal/services/video_player_service.go:1517.16,1519.3 1 0
catalogizer/internal/services/video_player_service.go:1520.2,1523.18 3 0
catalogizer/internal/services/video_player_service.go:1523.18,1525.47 2 0
catalogizer/internal/services/video_player_service.go:1525.47,1527.4 1 0
catalogizer/internal/services/video_player_service.go:1530.2,1531.16 2 0
catalogizer/internal/services/video_player_service.go:1531.16,1533.3 1 0
catalogizer/internal/services/video_player_service.go:1535.2,1536.35 2 0
catalogizer/internal/services/video_player_service.go:1536.35,1537.44 1 0
catalogizer/internal/services/video_player_service.go:1537.44,1539.9 2 0
catalogizer/internal/services/video_player_service.go:1543.2,1543.12 1 0
catalogizer/internal/services/video_player_service.go:1546.124,1548.2 1 0
catalogizer/internal/services/video_player_service.go:1550.113,1552.16 2 0
catalogizer/internal/services/video_player_service.go:1552.16,1554.3 1 0
catalogizer/internal/services/video_player_service.go:1556.2,1565.16 3 0
catalogizer/internal/services/video_player_service.go:1565.16,1567.3 1 0
catalogizer/internal/services/video_player_service.go:1569.2,1569.25 1 0
catalogizer/internal/services/video_player_service.go:1569.25,1571.3 1 0
catalogizer/internal/services/video_player_service.go:1573.2,1573.56 1 0
catalogizer/internal/services/video_player_service.go:1576.105,1578.16 2 0
catalogizer/internal/services/video_player_service.go:1578.16,1580.3 1 0
catalogizer/internal/services/video_player_service.go:1582.2,1593.12 3 0
catalogizer/internal/services/video_player_service.go:1596.100,1604.16 3 0
catalogizer/internal/services/video_player_service.go:1604.16,1606.3 1 0
catalogizer/internal/services/video_player_service.go:1608.2,1614.12 3 0
catalogizer/internal/tests/media_recognition_mock_servers.go:49.86,73.2 18 0
catalogizer/internal/tests/media_recognition_mock_servers.go:76.57,77.98 1 0
catalogizer/internal/tests/media_recognition_mock_servers.go:77.98,83.46 4 0
catalogizer/internal/tests/media_recognition_mock_servers.go:83.46,85.4 1 0
catalogizer/internal/tests/media_recognition_mock_servers.go:85.9,85.47 1 0
catalogizer/internal/tests/media_recognition_mock_servers.go:85.47,87.4 1 0
catalogizer/internal/tests/media_recognition_mock_servers.go:87.9,87.44 1 0
catalogizer/internal/tests/media_recognition_mock_servers.go:87.44,89.4 1 0
catalogizer/internal/tests/media_recognition_mock_servers.go:89.9,91.4 1 0
catalogizer/internal/tests/media_recognition_mock_servers.go:95.110,123.2 3 0
catalogizer/internal/tests/media_recognition_mock_servers.go:125.102,165.2 3 0
catalogizer/internal/tests/media_recognition_mock_servers.go:167.99,210.2 3 0
catalogizer/internal/tests/media_recognition_mock_servers.go:213.57,214.98 1 0
catalogizer/internal/tests/media_recognition_mock_servers.go:214.98,218.18 3 0
catalogizer/internal/tests/media_recognition_mock_servers.go:218.18,220.4 1 0
catalogizer/internal/tests/media_recognition_mock_servers.go:222.3,255.38 3 0
catalogizer/internal/tests/media_recognition_mock_servers.go:260.59,261.100 1 0
catalogizer/internal/tests/media_recognition_mock_servers.go:261.100,268.31 5 0
catalogizer/internal/tests/media_recognition_mock_servers.go:268.31,270.4 1 0
catalogizer/internal/tests/media_recognition_mock_servers.go:270.9,270.39 1 0
catalogizer/internal/tests/media_recognition_mock_servers.go:270.39,272.4 1 0
catalogizer/internal/tests/media_recognition_mock_servers.go:272.9,274.4 1 0
catalogizer/internal/tests/media_recognition_mock_servers.go:278.117,303.2 3 0
catalogizer/internal/tests/media_recognition_mock_servers.go:305.123,351.2 3 0
catalogizer/internal/tests/media_recognition_mock_servers.go:354.64,355.105 1 0
catalogizer/internal/tests/media_recognition_mock_servers.go:355.105,359.43 3 0
catalogizer/internal/tests/media_recognition_mock_servers.go:359.43,361.4 1 0
catalogizer/internal/tests/media_recognition_mock_servers.go:361.9,363.4 1 0
catalogizer/internal/tests/media_recognition_mock_servers.go:367.112,411.2 3 0
catalogizer/internal/tests/media_recognition_mock_servers.go:414.61,415.102 1 0
catalogizer/internal/tests/media_recognition_mock_servers.go:415.102,421.24 4 0
catalogizer/internal/tests/media_recognition_mock_servers.go:421.24,424.4 2 0
catalogizer/internal/tests/media_recognition_mock_servers.go:426.3,458.38 3 0
catalogizer/internal/tests/media_recognition_mock_servers.go:463.57,464.98 1 0
catalogizer/internal/tests/media_recognition_mock_servers.go:464.98,467.25 2 0
catalogizer/internal/tests/media_recognition_mock_servers.go:467.25,470.4 2 0
catalogizer/internal/tests/media_recognition_mock_servers.go:472.3,560.38 3 0
catalogizer/internal/tests/media_recognition_mock_servers.go:565.59,566.100 1 0
catalogizer/internal/tests/media_recognition_mock_servers.go:566.100,570.53 3 0
catalogizer/internal/tests/media_recognition_mock_servers.go:570.53,572.4 1 0
catalogizer/internal/tests/media_recognition_mock_servers.go:572.9,574.4 1 0
catalogizer/internal/tests/media_recognition_mock_servers.go:578.108,616.2 4 0
catalogizer/internal/tests/media_recognition_mock_servers.go:619.64,620.105 1 0
catalogizer/internal/tests/media_recognition_mock_servers.go:620.105,709.3 5 0
catalogizer/internal/tests/media_recognition_mock_servers.go:713.64,714.105 1 0
catalogizer/internal/tests/media_recognition_mock_servers.go:714.105,762.3 5 0
catalogizer/internal/tests/media_recognition_mock_servers.go:766.61,767.102 1 0
catalogizer/internal/tests/media_recognition_mock_servers.go:767.102,849.3 5 0
catalogizer/internal/tests/media_recognition_mock_servers.go:853.56,854.97 1 0
catalogizer/internal/tests/media_recognition_mock_servers.go:854.97,950.3 4 0
catalogizer/internal/tests/media_recognition_mock_servers.go:954.59,955.100 1 0
catalogizer/internal/tests/media_recognition_mock_servers.go:955.100,975.3 5 0
catalogizer/internal/tests/media_recognition_mock_servers.go:978.60,979.101 1 0
catalogizer/internal/tests/media_recognition_mock_servers.go:979.101,1004.3 5 0
catalogizer/internal/tests/media_recognition_mock_servers.go:1007.62,1008.103 1 0
catalogizer/internal/tests/media_recognition_mock_servers.go:1008.103,1050.3 5 0
catalogizer/internal/tests/media_recognition_mock_servers.go:1053.61,1054.102 1 0
catalogizer/internal/tests/media_recognition_mock_servers.go:1054.102,1060.25 4 0
catalogizer/internal/tests/media_recognition_mock_servers.go:1060.25,1062.4 1 0
catalogizer/internal/tests/media_recognition_mock_servers.go:1064.3,1126.38 3 0
catalogizer/internal/tests/media_recognition_mock_servers.go:1131.58,1132.99 1 0
catalogizer/internal/tests/media_recognition_mock_servers.go:1132.99,1194.3 4 0
catalogizer/internal/tests/media_recognition_mock_servers.go:1198.86,1200.37 2 0
catalogizer/internal/tests/media_recognition_mock_servers.go:1200.37,1202.3 1 0
catalogizer/internal/tests/media_recognition_mock_servers.go:1204.2,1205.19 2 0
catalogizer/internal/tests/media_recognition_mock_servers.go:1205.19,1209.3 3 0
catalogizer/internal/tests/media_recognition_mock_servers.go:1211.2,1220.44 2 0
catalogizer/internal/tests/media_recognition_mock_servers.go:1224.69,1226.2 1 0
catalogizer/internal/tests/media_recognition_mock_servers.go:1229.58,1231.2 1 0
catalogizer/internal/tests/media_recognition_mock_servers.go:1234.67,1253.2 1 0
catalogizer/internal/tests/media_recognition_mock_servers.go:1256.47,1257.25 1 0
catalogizer/internal/tests/media_recognition_mock_servers.go:1257.25,1259.3 1 0
catalogizer/internal/tests/media_recognition_mock_servers.go:1260.2,1260.25 1 0
catalogizer/internal/tests/media_recognition_mock_servers.go:1260.25,1262.3 1 0
catalogizer/internal/tests/media_recognition_mock_servers.go:1263.2,1263.27 1 0
catalogizer/internal/tests/media_recognition_mock_servers.go:1263.27,1265.3 1 0
catalogizer/internal/tests/media_recognition_mock_servers.go:1266.2,1266.32 1 0
catalogizer/internal/tests/media_recognition_mock_servers.go:1266.32,1268.3 1 0
catalogizer/internal/tests/media_recognition_mock_servers.go:1269.2,1269.29 1 0
catalogizer/internal/tests/media_recognition_mock_servers.go:1269.29,1271.3 1 0
catalogizer/internal/tests/media_recognition_mock_servers.go:1272.2,1272.25 1 0
catalogizer/internal/tests/media_recognition_mock_servers.go:1272.25,1274.3 1 0
catalogizer/internal/tests/media_recognition_mock_servers.go:1275.2,1275.26 1 0
catalogizer/internal/tests/media_recognition_mock_servers.go:1275.26,1277.3 1 0
catalogizer/internal/tests/media_recognition_mock_servers.go:1278.2,1278.27 1 0
catalogizer/internal/tests/media_recognition_mock_servers.go:1278.27,1280.3 1 0
catalogizer/internal/tests/media_recognition_mock_servers.go:1281.2,1281.32 1 0
catalogizer/internal/tests/media_recognition_mock_servers.go:1281.32,1283.3 1 0
catalogizer/internal/tests/media_recognition_mock_servers.go:1284.2,1284.32 1 0
catalogizer/internal/tests/media_recognition_mock_servers.go:1284.32,1286.3 1 0
catalogizer/internal/tests/media_recognition_mock_servers.go:1287.2,1287.29 1 0
catalogizer/internal/tests/media_recognition_mock_servers.go:1287.29,1289.3 1 0
catalogizer/internal/tests/media_recognition_mock_servers.go:1290.2,1290.24 1 0
catalogizer/internal/tests/media_recognition_mock_servers.go:1290.24,1292.3 1 0
catalogizer/internal/tests/media_recognition_mock_servers.go:1293.2,1293.27 1 0
catalogizer/internal/tests/media_recognition_mock_servers.go:1293.27,1295.3 1 0
catalogizer/internal/tests/media_recognition_mock_servers.go:1296.2,1296.28 1 0
catalogizer/internal/tests/media_recognition_mock_servers.go:1296.28,1298.3 1 0
catalogizer/internal/tests/media_recognition_mock_servers.go:1299.2,1299.30 1 0
catalogizer/internal/tests/media_recognition_mock_servers.go:1299.30,1301.3 1 0
catalogizer/internal/tests/media_recognition_mock_servers.go:1302.2,1302.29 1 0
catalogizer/internal/tests/media_recognition_mock_servers.go:1302.29,1304.3 1 0
catalogizer/internal/tests/media_recognition_mock_servers.go:1308.62,1312.2 2 0
catalogizer/internal/tests/mock_servers.go:36.34,46.2 5 0
catalogizer/internal/tests/mock_servers.go:48.30,50.2 1 0
catalogizer/internal/tests/mock_servers.go:52.35,54.2 1 0
catalogizer/internal/tests/mock_servers.go:56.52,58.2 1 0
catalogizer/internal/tests/mock_servers.go:60.40,62.2 1 0
catalogizer/internal/tests/mock_servers.go:64.60,66.2 1 0
catalogizer/internal/tests/mock_servers.go:68.63,70.36 2 0
catalogizer/internal/tests/mock_servers.go:70.36,72.3 1 0
catalogizer/internal/tests/mock_servers.go:74.2,83.46 2 0
catalogizer/internal/tests/mock_servers.go:86.85,87.25 1 0
catalogizer/internal/tests/mock_servers.go:87.25,89.3 1 0
catalogizer/internal/tests/mock_servers.go:90.2,90.24 1 0
catalogizer/internal/tests/mock_servers.go:90.24,92.3 1 0
catalogizer/internal/tests/mock_servers.go:94.2,94.43 1 0
catalogizer/internal/tests/mock_servers.go:94.43,96.3 1 0
catalogizer/internal/tests/mock_servers.go:98.2,100.42 3 0
catalogizer/internal/tests/mock_servers.go:103.54,156.2 23 0
catalogizer/internal/tests/mock_servers.go:160.85,176.2 4 0
catalogizer/internal/tests/mock_servers.go:178.86,185.18 5 0
catalogizer/internal/tests/mock_servers.go:185.18,194.3 3 0
catalogizer/internal/tests/mock_servers.go:196.2,233.33 3 0
catalogizer/internal/tests/mock_servers.go:236.88,253.2 4 0
catalogizer/internal/tests/mock_servers.go:257.78,264.38 5 0
catalogizer/internal/tests/mock_servers.go:264.38,267.3 2 0
catalogizer/internal/tests/mock_servers.go:269.2,276.33 2 0
catalogizer/internal/tests/mock_servers.go:281.79,286.17 4 0
catalogizer/internal/tests/mock_servers.go:286.17,295.3 3 0
catalogizer/internal/tests/mock_servers.go:297.2,328.33 2 0
catalogizer/internal/tests/mock_servers.go:331.79,372.2 6 0
catalogizer/internal/tests/mock_servers.go:376.82,384.40 6 0
catalogizer/internal/tests/mock_servers.go:384.40,386.3 1 0
catalogizer/internal/tests/mock_servers.go:388.2,401.33 2 0
catalogizer/internal/tests/mock_servers.go:404.79,425.2 4 0
catalogizer/internal/tests/mock_servers.go:429.81,437.40 6 0
catalogizer/internal/tests/mock_servers.go:437.40,439.3 1 0
catalogizer/internal/tests/mock_servers.go:441.2,447.33 2 0
catalogizer/internal/tests/mock_servers.go:450.78,464.2 4 0
catalogizer/internal/tests/mock_servers.go:468.84,475.13 5 0
catalogizer/internal/tests/mock_servers.go:475.13,477.3 1 0
catalogizer/internal/tests/mock_servers.go:479.2,493.33 2 0
catalogizer/internal/tests/mock_servers.go:498.84,504.22 4 0
catalogizer/internal/tests/mock_servers.go:504.22,509.3 4 0
catalogizer/internal/tests/mock_servers.go:511.2,540.33 2 0
catalogizer/internal/tests/mock_servers.go:543.76,550.22 5 0
catalogizer/internal/tests/mock_servers.go:550.22,555.3 4 0
catalogizer/internal/tests/mock_servers.go:557.2,559.16 2 0
catalogizer/internal/tests/mock_servers.go:560.23,576.4 1 0
catalogizer/internal/tests/mock_servers.go:577.23,594.4 1 0
catalogizer/internal/tests/mock_servers.go:595.10,599.4 1 0
catalogizer/internal/tests/mock_servers.go:602.2,606.33 2 0
catalogizer/internal/tests/mock_servers.go:609.79,638.2 5 0
catalogizer/internal/tests/mock_servers.go:640.79,653.2 4 0
catalogizer/internal/tests/mock_servers.go:655.80,663.43 5 0
catalogizer/internal/tests/mock_servers.go:663.43,696.3 1 0
catalogizer/internal/tests/mock_servers.go:698.2,702.33 2 0
catalogizer/internal/tests/mock_servers.go:705.80,731.2 4 0
catalogizer/internal/tests/mock_servers.go:735.83,765.2 4 0
catalogizer/internal/tests/mock_servers.go:767.83,796.2 5 0
catalogizer/internal/tests/mock_servers.go:798.75,823.2 8 0
catalogizer/internal/tests/mock_servers.go:825.86,856.2 5 0
catalogizer/internal/tests/mock_servers.go:858.85,877.2 4 0
catalogizer/internal/tests/mock_servers.go:879.82,935.2 5 0
catalogizer/internal/tests/mock_servers.go:937.55,938.19 1 0
catalogizer/internal/tests/mock_servers.go:938.19,940.3 1 0
catalogizer/internal/tests/mock_servers.go:942.2,944.20 3 0
catalogizer/tests/test_main.go:12.29,26.2 5 0
catalogizer/tests/test_utils.go:55.52,61.16 4 7
catalogizer/tests/test_utils.go:61.16,63.3 1 0
catalogizer/tests/test_utils.go:66.2,66.45 1 7
catalogizer/tests/test_utils.go:66.45,68.3 1 0
catalogizer/tests/test_utils.go:70.2,73.3 1 7
catalogizer/tests/test_utils.go:77.35,78.18 1 7
catalogizer/tests/test_utils.go:78.18,80.3 1 7
catalogizer/tests/test_utils.go:81.2,81.19 1 7
catalogizer/tests/test_utils.go:81.19,83.3 1 7
catalogizer/tests/test_utils.go:87.46,138.2 21 7
catalogizer/tests/test_utils.go:141.32,142.18 1 7
catalogizer/tests/test_utils.go:142.18,144.3 1 7
catalogizer/tests/test_utils.go:148.72,159.16 4 6
catalogizer/tests/test_utils.go:159.16,161.3 1 0
catalogizer/tests/test_utils.go:163.2,163.13 1 6
catalogizer/tests/test_utils.go:167.94,180.16 4 0
catalogizer/tests/test_utils.go:180.16,182.3 1 0
catalogizer/tests/test_utils.go:184.2,184.13 1 0
catalogizer/tests/test_utils.go:188.78,189.24 1 6
catalogizer/tests/test_utils.go:189.24,191.3 1 0
catalogizer/tests/test_utils.go:195.68,196.18 1 6
catalogizer/tests/test_utils.go:196.18,198.3 1 0
catalogizer/tests/test_utils.go:202.65,203.18 1 0
catalogizer/tests/test_utils.go:203.18,205.3 1 0
catalogizer/tests/test_utils.go:209.59,210.16 1 0
catalogizer/tests/test_utils.go:210.16,212.3 1 0
catalogizer/tests/test_utils.go:216.61,217.16 1 14
catalogizer/tests/test_utils.go:217.16,219.3 1 0
catalogizer/tests/test_utils.go:223.64,224.36 1 0
catalogizer/tests/test_utils.go:224.36,226.3 1 0
catalogizer/tests/test_utils.go:230.104,231.31 1 0
catalogizer/tests/test_utils.go:231.31,233.3 1 0
catalogizer/tests/test_utils.go:237.114,240.16 3 0
catalogizer/tests/test_utils.go:240.16,242.3 1 0
catalogizer/tests/test_utils.go:244.2,247.48 3 0
catalogizer/tests/test_utils.go:247.48,249.3 1 0
catalogizer/tests/test_utils.go:253.64,255.2 1 0
catalogizer/tests/test_utils.go:258.99,260.34 2 0
catalogizer/tests/test_utils.go:260.34,261.18 1 0
catalogizer/tests/test_utils.go:261.18,263.4 1 0
catalogizer/tests/test_utils.go:264.3,264.36 1 0
catalogizer/tests/test_utils.go:266.2,266.59 1 0
catalogizer/tests/test_utils.go:276.48,282.2 1 0
catalogizer/tests/test_utils.go:284.46,287.2 2 0
catalogizer/tests/test_utils.go:289.46,292.2 2 0
catalogizer/tests/test_utils.go:294.47,297.2 2 0
catalogizer/tests/test_utils.go:300.41,584.31 2 7
catalogizer/tests/test_utils.go:584.31,585.43 1 140
catalogizer/tests/test_utils.go:585.43,587.4 1 0
catalogizer/tests/test_utils.go:590.2,590.12 1 7
catalogizer/tests/test_utils.go:594.46,603.16 5 0
catalogizer/tests/test_utils.go:603.16,605.3 1 0
catalogizer/tests/test_utils.go:607.2,607.45 1 0
catalogizer/tests/test_utils.go:607.45,609.3 1 0
catalogizer/tests/test_utils.go:611.2,659.3 21 0
